#
# There is insufficient memory for the Java Runtime Environment to continue.
# Native memory allocation (mmap) failed to map 314572800 bytes. Error detail: G1 virtual space
# Possible reasons:
#   The system is out of physical RAM or swap space
#   This process is running with CompressedOops enabled, and the Java Heap may be blocking the growth of the native heap
# Possible solutions:
#   Reduce memory load on the system
#   Increase physical memory or swap space
#   Check if swap backing store is full
#   Decrease Java heap size (-Xmx/-Xms)
#   Decrease number of Java threads
#   Decrease Java thread stack sizes (-Xss)
#   Set larger code cache with -XX:ReservedCodeCacheSize=
#   JVM is running with Zero Based Compressed Oops mode in which the Java heap is
#     placed in the first 32GB address space. The Java Heap base address is the
#     maximum limit for the native heap growth. Please use -XX:HeapBaseMinAddress
#     to set the Java Heap base and to place the Java Heap above 32GB virtual address.
# This output file may be truncated or incomplete.
#
#  Out of Memory Error (os_windows.cpp:3616), pid=17788, tid=17476
#
# JRE version: OpenJDK Runtime Environment Temurin-21.0.5+11 (21.0.5+11) (build 21.0.5+11-LTS)
# Java VM: OpenJDK 64-Bit Server VM Temurin-21.0.5+11 (21.0.5+11-LTS, mixed mode, emulated-client, sharing, tiered, compressed oops, compressed class ptrs, g1 gc, windows-amd64)
# No core dump will be written. Minidumps are not enabled by default on client versions of Windows
#

---------------  S U M M A R Y ------------

Command Line: -Dcom.sun.management.jmxremote -Dcom.sun.management.jmxremote.port=63642 -Dcom.sun.management.jmxremote.authenticate=false -Dcom.sun.management.jmxremote.ssl=false -Djava.rmi.server.hostname=localhost -Dspring.jmx.enabled=true -Dmanagement.endpoints.jmx.exposure.include=* -Dspring.application.admin.enabled=true -XX:TieredStopAtLevel=1 -Dspring.boot.project.name=Loopin -Dfile.encoding=UTF-8 -Dstdout.encoding=UTF-8 -Dstderr.encoding=UTF-8 -XX:+ShowCodeDetailsInExceptionMessages com.itwillbs.c4d2412t3p1.LoopinApplication --spring.output.ansi.enabled=always

Host: 11th Gen Intel(R) Core(TM) i7-11700 @ 2.50GHz, 16 cores, 15G,  Windows 11 , 64 bit Build 26100 (10.0.26100.2454)
Time: Mon Feb  3 17:07:21 2025  Windows 11 , 64 bit Build 26100 (10.0.26100.2454) elapsed time: 8.201154 seconds (0d 0h 0m 8s)

---------------  T H R E A D  ---------------

Current thread (0x000002c77c636970):  VMThread "VM Thread"          [id=17476, stack(0x000000ca9d000000,0x000000ca9d100000) (1024K)]

Stack: [0x000000ca9d000000,0x000000ca9d100000]
Native frames: (J=compiled Java code, j=interpreted, Vv=VM code, C=native code)
V  [jvm.dll+0x6cd4e9]
V  [jvm.dll+0x8a7941]
V  [jvm.dll+0x8a9e6e]
V  [jvm.dll+0x8aa543]
V  [jvm.dll+0x27f6d6]
V  [jvm.dll+0x6c9c25]
V  [jvm.dll+0x6be84a]
V  [jvm.dll+0x355c6a]
V  [jvm.dll+0x35d836]
V  [jvm.dll+0x3af40e]
V  [jvm.dll+0x3af6b8]
V  [jvm.dll+0x329dfc]
V  [jvm.dll+0x329e87]
V  [jvm.dll+0x36dc4c]
V  [jvm.dll+0x36c498]
V  [jvm.dll+0x3295c1]
V  [jvm.dll+0x36bb0a]
V  [jvm.dll+0x8b025f]
V  [jvm.dll+0x8b15e4]
V  [jvm.dll+0x8b1b20]
V  [jvm.dll+0x8b1dc3]
V  [jvm.dll+0x8514fb]
V  [jvm.dll+0x6cbbed]
C  [ucrtbase.dll+0x14ea0]
C  [KERNEL32.DLL+0x2e8d7]
C  [ntdll.dll+0xdfbcc]

VM_Operation (0x000000ca9ecf6fa0): G1CollectForAllocation, mode: safepoint, requested by thread 0x000002c77da881e0


---------------  P R O C E S S  ---------------

Threads class SMR info:
_java_thread_list=0x000002c77e1e9900, length=35, elements={
0x000002c76b56a6b0, 0x000002c77ca44eb0, 0x000002c77ca46620, 0x000002c77ca4d1b0,
0x000002c77ca4dfb0, 0x000002c77ca4fec0, 0x000002c77ca51f00, 0x000002c77c6564a0,
0x000002c77c66e190, 0x000002c77cb6bf00, 0x000002c77cb78590, 0x000002c77cb78e90,
0x000002c77cbc01a0, 0x000002c77d1c4ea0, 0x000002c77d1cd7a0, 0x000002c77d2212d0,
0x000002c77d28d060, 0x000002c77d2966f0, 0x000002c77da87b80, 0x000002c77da881e0,
0x000002c77dd17a90, 0x000002c77dd5c450, 0x000002c77dd5cae0, 0x000002c77dd5ebb0,
0x000002c77dd5f8d0, 0x000002c77dd5d170, 0x000002c77dd5d800, 0x000002c77dd5de90,
0x000002c77dd5e520, 0x000002c77f7898f0, 0x000002c77f787820, 0x000002c77f789f80,
0x000002c77f7d7b40, 0x000002c77f7d81e0, 0x000002c77f78a610
}

Java Threads: ( => current thread )
  0x000002c76b56a6b0 JavaThread "main"                              [_thread_blocked, id=13000, stack(0x000000ca9c900000,0x000000ca9ca00000) (1024K)]
  0x000002c77ca44eb0 JavaThread "Reference Handler"          daemon [_thread_blocked, id=17084, stack(0x000000ca9d100000,0x000000ca9d200000) (1024K)]
  0x000002c77ca46620 JavaThread "Finalizer"                  daemon [_thread_blocked, id=272, stack(0x000000ca9d200000,0x000000ca9d300000) (1024K)]
  0x000002c77ca4d1b0 JavaThread "Signal Dispatcher"          daemon [_thread_blocked, id=19092, stack(0x000000ca9d300000,0x000000ca9d400000) (1024K)]
  0x000002c77ca4dfb0 JavaThread "Attach Listener"            daemon [_thread_blocked, id=18444, stack(0x000000ca9d400000,0x000000ca9d500000) (1024K)]
  0x000002c77ca4fec0 JavaThread "Service Thread"             daemon [_thread_blocked, id=13700, stack(0x000000ca9d500000,0x000000ca9d600000) (1024K)]
  0x000002c77ca51f00 JavaThread "Monitor Deflation Thread"   daemon [_thread_blocked, id=12332, stack(0x000000ca9d600000,0x000000ca9d700000) (1024K)]
  0x000002c77c6564a0 JavaThread "C1 CompilerThread0"         daemon [_thread_blocked, id=11812, stack(0x000000ca9d700000,0x000000ca9d800000) (1024K)]
  0x000002c77c66e190 JavaThread "C1 CompilerThread1"         daemon [_thread_blocked, id=2740, stack(0x000000ca9d800000,0x000000ca9d900000) (1024K)]
  0x000002c77cb6bf00 JavaThread "Common-Cleaner"             daemon [_thread_blocked, id=11856, stack(0x000000ca9d900000,0x000000ca9da00000) (1024K)]
  0x000002c77cb78590 JavaThread "C1 CompilerThread2"         daemon [_thread_blocked, id=10332, stack(0x000000ca9da00000,0x000000ca9db00000) (1024K)]
  0x000002c77cb78e90 JavaThread "C1 CompilerThread3"         daemon [_thread_blocked, id=9336, stack(0x000000ca9db00000,0x000000ca9dc00000) (1024K)]
  0x000002c77cbc01a0 JavaThread "Notification Thread"        daemon [_thread_blocked, id=11364, stack(0x000000ca9dc00000,0x000000ca9dd00000) (1024K)]
  0x000002c77d1c4ea0 JavaThread "C1 CompilerThread4"         daemon [_thread_blocked, id=6480, stack(0x000000ca9dd00000,0x000000ca9de00000) (1024K)]
  0x000002c77d1cd7a0 JavaThread "C1 CompilerThread5"         daemon [_thread_blocked, id=13360, stack(0x000000ca9de00000,0x000000ca9df00000) (1024K)]
  0x000002c77d2212d0 JavaThread "RMI TCP Accept-0"           daemon [_thread_in_native, id=5024, stack(0x000000ca9e400000,0x000000ca9e500000) (1024K)]
  0x000002c77d28d060 JavaThread "RMI TCP Accept-63642"       daemon [_thread_in_native, id=14392, stack(0x000000ca9e500000,0x000000ca9e600000) (1024K)]
  0x000002c77d2966f0 JavaThread "RMI TCP Accept-0"           daemon [_thread_in_native, id=15516, stack(0x000000ca9e600000,0x000000ca9e700000) (1024K)]
  0x000002c77da87b80 JavaThread "Thread-0"                          [_thread_blocked, id=19300, stack(0x000000ca9eb00000,0x000000ca9ec00000) (1024K)]
  0x000002c77da881e0 JavaThread "restartedMain"                     [_thread_blocked, id=5468, stack(0x000000ca9ec00000,0x000000ca9ed00000) (1024K)]
  0x000002c77dd17a90 JavaThread "RMI TCP Connection(1)-127.0.0.1" daemon [_thread_in_native, id=4248, stack(0x000000ca9f100000,0x000000ca9f200000) (1024K)]
  0x000002c77dd5c450 JavaThread "RMI Scheduler(0)"           daemon [_thread_blocked, id=16964, stack(0x000000ca9f200000,0x000000ca9f300000) (1024K)]
  0x000002c77dd5cae0 JavaThread "RMI TCP Connection(2)-127.0.0.1" daemon [_thread_blocked, id=11268, stack(0x000000ca9f300000,0x000000ca9f400000) (1024K)]
  0x000002c77dd5ebb0 JavaThread "JMX server connection timeout 53" daemon [_thread_blocked, id=1832, stack(0x000000ca9f400000,0x000000ca9f500000) (1024K)]
  0x000002c77dd5f8d0 JavaThread "Catalina-utility-1"                [_thread_blocked, id=14372, stack(0x000000ca9f000000,0x000000ca9f100000) (1024K)]
  0x000002c77dd5d170 JavaThread "Catalina-utility-2"                [_thread_blocked, id=12388, stack(0x000000ca9f700000,0x000000ca9f800000) (1024K)]
  0x000002c77dd5d800 JavaThread "container-0"                       [_thread_blocked, id=17220, stack(0x000000ca9f800000,0x000000ca9f900000) (1024K)]
  0x000002c77dd5de90 JavaThread "oracle.jdbc.diagnostics.Diagnostic.CLOCK" daemon [_thread_blocked, id=7268, stack(0x000000ca9f900000,0x000000ca9fa00000) (1024K)]
  0x000002c77dd5e520 JavaThread "oracle.jdbc.driver.BlockSource.ThreadedCachingBlockSource.BlockReleaser" daemon [_thread_blocked, id=13368, stack(0x000000ca9fa00000,0x000000ca9fb00000) (1024K)]
  0x000002c77f7898f0 JavaThread "InterruptTimer"             daemon [_thread_blocked, id=11836, stack(0x000000ca9fc00000,0x000000ca9fd00000) (1024K)]
  0x000002c77f787820 JavaThread "OJDBC-WORKER-THREAD-1"      daemon [_thread_blocked, id=18352, stack(0x000000ca9fd00000,0x000000ca9fe00000) (1024K)]
  0x000002c77f789f80 JavaThread "HikariPool-1 housekeeper"   daemon [_thread_blocked, id=19276, stack(0x000000ca9fe00000,0x000000ca9ff00000) (1024K)]
  0x000002c77f7d7b40 JavaThread "C1 CompilerThread6"         daemon [_thread_blocked, id=7152, stack(0x000000ca9ff00000,0x000000caa0000000) (1024K)]
  0x000002c77f7d81e0 JavaThread "C1 CompilerThread7"         daemon [_thread_blocked, id=11716, stack(0x000000caa0000000,0x000000caa0100000) (1024K)]
  0x000002c77f78a610 JavaThread "HikariPool-1 connection adder" daemon [_thread_blocked, id=19264, stack(0x000000caa0100000,0x000000caa0200000) (1024K)]
Total: 35

Other Threads:
=>0x000002c77c636970 VMThread "VM Thread"                           [id=17476, stack(0x000000ca9d000000,0x000000ca9d100000) (1024K)]
  0x000002c77c624db0 WatcherThread "VM Periodic Task Thread"        [id=10964, stack(0x000000ca9cf00000,0x000000ca9d000000) (1024K)]
  0x000002c76d16e730 WorkerThread "GC Thread#0"                     [id=17440, stack(0x000000ca9ca00000,0x000000ca9cb00000) (1024K)]
  0x000002c77d21d170 WorkerThread "GC Thread#1"                     [id=2848, stack(0x000000ca9df00000,0x000000ca9e000000) (1024K)]
  0x000002c77d21d510 WorkerThread "GC Thread#2"                     [id=16540, stack(0x000000ca9e000000,0x000000ca9e100000) (1024K)]
  0x000002c77d21d8b0 WorkerThread "GC Thread#3"                     [id=2408, stack(0x000000ca9e100000,0x000000ca9e200000) (1024K)]
  0x000002c77d21dc50 WorkerThread "GC Thread#4"                     [id=10836, stack(0x000000ca9e200000,0x000000ca9e300000) (1024K)]
  0x000002c77d21dff0 WorkerThread "GC Thread#5"                     [id=15280, stack(0x000000ca9e300000,0x000000ca9e400000) (1024K)]
  0x000002c77dacdd70 WorkerThread "GC Thread#6"                     [id=15580, stack(0x000000ca9e700000,0x000000ca9e800000) (1024K)]
  0x000002c77dace110 WorkerThread "GC Thread#7"                     [id=8852, stack(0x000000ca9e800000,0x000000ca9e900000) (1024K)]
  0x000002c77dace4b0 WorkerThread "GC Thread#8"                     [id=11760, stack(0x000000ca9e900000,0x000000ca9ea00000) (1024K)]
  0x000002c77dace850 WorkerThread "GC Thread#9"                     [id=14144, stack(0x000000ca9ea00000,0x000000ca9eb00000) (1024K)]
  0x000002c77db0b1f0 WorkerThread "GC Thread#10"                    [id=18500, stack(0x000000ca9ed00000,0x000000ca9ee00000) (1024K)]
  0x000002c77dc718c0 WorkerThread "GC Thread#11"                    [id=13564, stack(0x000000ca9f500000,0x000000ca9f600000) (1024K)]
  0x000002c77dc71c60 WorkerThread "GC Thread#12"                    [id=13576, stack(0x000000ca9f600000,0x000000ca9f700000) (1024K)]
  0x000002c76d180700 ConcurrentGCThread "G1 Main Marker"            [id=15764, stack(0x000000ca9cb00000,0x000000ca9cc00000) (1024K)]
  0x000002c76d181110 WorkerThread "G1 Conc#0"                       [id=10260, stack(0x000000ca9cc00000,0x000000ca9cd00000) (1024K)]
  0x000002c77db0aab0 WorkerThread "G1 Conc#1"                       [id=18748, stack(0x000000ca9ee00000,0x000000ca9ef00000) (1024K)]
  0x000002c77db0ae50 WorkerThread "G1 Conc#2"                       [id=17648, stack(0x000000ca9ef00000,0x000000ca9f000000) (1024K)]
  0x000002c77c4f2ee0 ConcurrentGCThread "G1 Refine#0"               [id=10404, stack(0x000000ca9cd00000,0x000000ca9ce00000) (1024K)]
  0x000002c77c4f6820 ConcurrentGCThread "G1 Service"                [id=17840, stack(0x000000ca9ce00000,0x000000ca9cf00000) (1024K)]
Total: 21

Threads with active compile tasks:
Total: 0

VM state: at safepoint (normal execution)

VM Mutex/Monitor currently owned by a thread:  ([mutex/lock_event])
[0x00007ffbf6d1d380] Threads_lock - owner thread: 0x000002c77c636970
[0x00007ffbf6d1d480] Heap_lock - owner thread: 0x000002c77da881e0

Heap address: 0x0000000705400000, size: 4012 MB, Compressed Oops mode: Zero based, Oop shift amount: 3

CDS archive(s) mapped at: [0x000002c700000000-0x000002c700c80000-0x000002c700c80000), size 13107200, SharedBaseAddress: 0x000002c700000000, ArchiveRelocationMode: 1.
Compressed class space mapped at: 0x000002c701000000-0x000002c741000000, reserved size: 1073741824
Narrow klass base: 0x000002c700000000, Narrow klass shift: 0, Narrow klass range: 0x100000000

GC Precious Log:
 CardTable entry size: 512
 Card Set container configuration: InlinePtr #cards 4 size 8 Array Of Cards #cards 16 size 48 Howl #buckets 8 coarsen threshold 3686 Howl Bitmap #cards 512 size 80 coarsen threshold 460 Card regions per heap region 1 cards per card region 4096
 CPUs: 16 total, 16 available
 Memory: 16043M
 Large Page Support: Disabled
 NUMA Support: Disabled
 Compressed Oops: Enabled (Zero based)
 Heap Region Size: 2M
 Heap Min Capacity: 8M
 Heap Initial Capacity: 252M
 Heap Max Capacity: 4012M
 Pre-touch: Disabled
 Parallel Workers: 13
 Concurrent Workers: 3
 Concurrent Refinement Workers: 13
 Periodic GC: Disabled

Heap:
 garbage-first heap   total 307200K, used 196608K [0x0000000705400000, 0x0000000800000000)
  region size 2048K, 4 young (8192K), 4 survivors (8192K)
 Metaspace       used 78643K, committed 79424K, reserved 1179648K
  class space    used 11072K, committed 11392K, reserved 1048576K

Heap Regions: E=young(eden), S=young(survivor), O=old, HS=humongous(starts), HC=humongous(continues), CS=collection set, F=free, TAMS=top-at-mark-start, PB=parsable bottom
|   0|0x0000000705400000, 0x0000000705600000, 0x0000000705600000|100%| O|  |TAMS 0x0000000705400000| PB 0x0000000705400000| Untracked 
|   1|0x0000000705600000, 0x0000000705800000, 0x0000000705800000|100%| O|  |TAMS 0x0000000705600000| PB 0x0000000705600000| Untracked 
|   2|0x0000000705800000, 0x0000000705a00000, 0x0000000705a00000|100%| O|  |TAMS 0x0000000705800000| PB 0x0000000705800000| Untracked 
|   3|0x0000000705a00000, 0x0000000705c00000, 0x0000000705c00000|100%| O|  |TAMS 0x0000000705a00000| PB 0x0000000705a00000| Untracked 
|   4|0x0000000705c00000, 0x0000000705e00000, 0x0000000705e00000|100%| O|  |TAMS 0x0000000705c00000| PB 0x0000000705c00000| Untracked 
|   5|0x0000000705e00000, 0x0000000706000000, 0x0000000706000000|100%| O|  |TAMS 0x0000000705e00000| PB 0x0000000705e00000| Untracked 
|   6|0x0000000706000000, 0x0000000706200000, 0x0000000706200000|100%| O|  |TAMS 0x0000000706000000| PB 0x0000000706000000| Untracked 
|   7|0x0000000706200000, 0x0000000706400000, 0x0000000706400000|100%| O|  |TAMS 0x0000000706200000| PB 0x0000000706200000| Untracked 
|   8|0x0000000706400000, 0x0000000706600000, 0x0000000706600000|100%| O|  |TAMS 0x0000000706400000| PB 0x0000000706400000| Untracked 
|   9|0x0000000706600000, 0x0000000706800000, 0x0000000706800000|100%| O|  |TAMS 0x0000000706600000| PB 0x0000000706600000| Untracked 
|  10|0x0000000706800000, 0x0000000706a00000, 0x0000000706a00000|100%| O|  |TAMS 0x0000000706800000| PB 0x0000000706800000| Untracked 
|  11|0x0000000706a00000, 0x0000000706c00000, 0x0000000706c00000|100%| O|  |TAMS 0x0000000706a00000| PB 0x0000000706a00000| Untracked 
|  12|0x0000000706c00000, 0x0000000706e00000, 0x0000000706e00000|100%| O|  |TAMS 0x0000000706c00000| PB 0x0000000706c00000| Untracked 
|  13|0x0000000706e00000, 0x0000000707000000, 0x0000000707000000|100%| O|  |TAMS 0x0000000706e00000| PB 0x0000000706e00000| Untracked 
|  14|0x0000000707000000, 0x0000000707200000, 0x0000000707200000|100%| O|  |TAMS 0x0000000707000000| PB 0x0000000707000000| Untracked 
|  15|0x0000000707200000, 0x0000000707400000, 0x0000000707400000|100%| O|  |TAMS 0x0000000707200000| PB 0x0000000707200000| Untracked 
|  16|0x0000000707400000, 0x0000000707600000, 0x0000000707600000|100%| O|  |TAMS 0x0000000707400000| PB 0x0000000707400000| Untracked 
|  17|0x0000000707600000, 0x0000000707600000, 0x0000000707800000|  0%| F|  |TAMS 0x0000000707600000| PB 0x0000000707600000| Untracked 
|  18|0x0000000707800000, 0x0000000707a00000, 0x0000000707a00000|100%| O|  |TAMS 0x0000000707800000| PB 0x0000000707800000| Untracked 
|  19|0x0000000707a00000, 0x0000000707c00000, 0x0000000707c00000|100%| O|  |TAMS 0x0000000707a00000| PB 0x0000000707a00000| Untracked 
|  20|0x0000000707c00000, 0x0000000707e00000, 0x0000000707e00000|100%| O|  |TAMS 0x0000000707c00000| PB 0x0000000707c00000| Untracked 
|  21|0x0000000707e00000, 0x0000000707e00000, 0x0000000708000000|  0%| F|  |TAMS 0x0000000707e00000| PB 0x0000000707e00000| Untracked 
|  22|0x0000000708000000, 0x0000000708000000, 0x0000000708200000|  0%| F|  |TAMS 0x0000000708000000| PB 0x0000000708000000| Untracked 
|  23|0x0000000708200000, 0x0000000708400000, 0x0000000708400000|100%| O|  |TAMS 0x0000000708200000| PB 0x0000000708200000| Untracked 
|  24|0x0000000708400000, 0x0000000708600000, 0x0000000708600000|100%| O|Cm|TAMS 0x0000000708400000| PB 0x0000000708400000| Complete 
|  25|0x0000000708600000, 0x0000000708800000, 0x0000000708800000|100%| O|  |TAMS 0x0000000708600000| PB 0x0000000708600000| Untracked 
|  26|0x0000000708800000, 0x0000000708a00000, 0x0000000708a00000|100%| O|  |TAMS 0x0000000708800000| PB 0x0000000708800000| Untracked 
|  27|0x0000000708a00000, 0x0000000708c00000, 0x0000000708c00000|100%| O|  |TAMS 0x0000000708a00000| PB 0x0000000708a00000| Untracked 
|  28|0x0000000708c00000, 0x0000000708e00000, 0x0000000708e00000|100%| O|  |TAMS 0x0000000708c00000| PB 0x0000000708c00000| Untracked 
|  29|0x0000000708e00000, 0x0000000708e00000, 0x0000000709000000|  0%| F|  |TAMS 0x0000000708e00000| PB 0x0000000708e00000| Untracked 
|  30|0x0000000709000000, 0x0000000709200000, 0x0000000709200000|100%| O|  |TAMS 0x0000000709000000| PB 0x0000000709000000| Untracked 
|  31|0x0000000709200000, 0x0000000709200000, 0x0000000709400000|  0%| F|  |TAMS 0x0000000709200000| PB 0x0000000709200000| Untracked 
|  32|0x0000000709400000, 0x0000000709400000, 0x0000000709600000|  0%| F|  |TAMS 0x0000000709400000| PB 0x0000000709400000| Untracked 
|  33|0x0000000709600000, 0x0000000709800000, 0x0000000709800000|100%|HS|  |TAMS 0x0000000709600000| PB 0x0000000709600000| Complete 
|  34|0x0000000709800000, 0x0000000709800000, 0x0000000709a00000|  0%| F|  |TAMS 0x0000000709800000| PB 0x0000000709800000| Untracked 
|  35|0x0000000709a00000, 0x0000000709a00000, 0x0000000709c00000|  0%| F|  |TAMS 0x0000000709a00000| PB 0x0000000709a00000| Untracked 
|  36|0x0000000709c00000, 0x0000000709c00000, 0x0000000709e00000|  0%| F|  |TAMS 0x0000000709c00000| PB 0x0000000709c00000| Untracked 
|  37|0x0000000709e00000, 0x000000070a000000, 0x000000070a000000|100%| O|  |TAMS 0x0000000709e00000| PB 0x0000000709e00000| Untracked 
|  38|0x000000070a000000, 0x000000070a000000, 0x000000070a200000|  0%| F|  |TAMS 0x000000070a000000| PB 0x000000070a000000| Untracked 
|  39|0x000000070a200000, 0x000000070a200000, 0x000000070a400000|  0%| F|  |TAMS 0x000000070a200000| PB 0x000000070a200000| Untracked 
|  40|0x000000070a400000, 0x000000070a400000, 0x000000070a600000|  0%| F|  |TAMS 0x000000070a400000| PB 0x000000070a400000| Untracked 
|  41|0x000000070a600000, 0x000000070a600000, 0x000000070a800000|  0%| F|  |TAMS 0x000000070a600000| PB 0x000000070a600000| Untracked 
|  42|0x000000070a800000, 0x000000070a800000, 0x000000070aa00000|  0%| F|  |TAMS 0x000000070a800000| PB 0x000000070a800000| Untracked 
|  43|0x000000070aa00000, 0x000000070ac00000, 0x000000070ac00000|100%| O|Cm|TAMS 0x000000070aa00000| PB 0x000000070aa00000| Complete 
|  44|0x000000070ac00000, 0x000000070ae00000, 0x000000070ae00000|100%| O|  |TAMS 0x000000070ac00000| PB 0x000000070ac00000| Untracked 
|  45|0x000000070ae00000, 0x000000070b000000, 0x000000070b000000|100%| O|  |TAMS 0x000000070ae00000| PB 0x000000070ae00000| Untracked 
|  46|0x000000070b000000, 0x000000070b200000, 0x000000070b200000|100%| O|  |TAMS 0x000000070b000000| PB 0x000000070b000000| Untracked 
|  47|0x000000070b200000, 0x000000070b400000, 0x000000070b400000|100%| O|  |TAMS 0x000000070b200000| PB 0x000000070b200000| Untracked 
|  48|0x000000070b400000, 0x000000070b600000, 0x000000070b600000|100%| O|  |TAMS 0x000000070b400000| PB 0x000000070b400000| Untracked 
|  49|0x000000070b600000, 0x000000070b800000, 0x000000070b800000|100%| O|Cm|TAMS 0x000000070b600000| PB 0x000000070b600000| Complete 
|  50|0x000000070b800000, 0x000000070ba00000, 0x000000070ba00000|100%| O|Cm|TAMS 0x000000070b800000| PB 0x000000070b800000| Complete 
|  51|0x000000070ba00000, 0x000000070bc00000, 0x000000070bc00000|100%| O|  |TAMS 0x000000070ba00000| PB 0x000000070ba00000| Untracked 
|  52|0x000000070bc00000, 0x000000070be00000, 0x000000070be00000|100%| O|  |TAMS 0x000000070bc00000| PB 0x000000070bc00000| Untracked 
|  53|0x000000070be00000, 0x000000070c000000, 0x000000070c000000|100%| O|  |TAMS 0x000000070be00000| PB 0x000000070be00000| Untracked 
|  54|0x000000070c000000, 0x000000070c200000, 0x000000070c200000|100%| O|  |TAMS 0x000000070c000000| PB 0x000000070c000000| Untracked 
|  55|0x000000070c200000, 0x000000070c400000, 0x000000070c400000|100%| O|  |TAMS 0x000000070c200000| PB 0x000000070c200000| Untracked 
|  56|0x000000070c400000, 0x000000070c600000, 0x000000070c600000|100%| O|  |TAMS 0x000000070c400000| PB 0x000000070c400000| Untracked 
|  57|0x000000070c600000, 0x000000070c800000, 0x000000070c800000|100%| O|  |TAMS 0x000000070c600000| PB 0x000000070c600000| Untracked 
|  58|0x000000070c800000, 0x000000070ca00000, 0x000000070ca00000|100%| O|  |TAMS 0x000000070c800000| PB 0x000000070c800000| Untracked 
|  59|0x000000070ca00000, 0x000000070cc00000, 0x000000070cc00000|100%| O|  |TAMS 0x000000070ca00000| PB 0x000000070ca00000| Untracked 
|  60|0x000000070cc00000, 0x000000070ce00000, 0x000000070ce00000|100%| O|  |TAMS 0x000000070cc00000| PB 0x000000070cc00000| Untracked 
|  61|0x000000070ce00000, 0x000000070d000000, 0x000000070d000000|100%| O|  |TAMS 0x000000070ce00000| PB 0x000000070ce00000| Untracked 
|  62|0x000000070d000000, 0x000000070d200000, 0x000000070d200000|100%| O|  |TAMS 0x000000070d000000| PB 0x000000070d000000| Untracked 
|  63|0x000000070d200000, 0x000000070d400000, 0x000000070d400000|100%| O|  |TAMS 0x000000070d200000| PB 0x000000070d200000| Untracked 
|  64|0x000000070d400000, 0x000000070d600000, 0x000000070d600000|100%| O|  |TAMS 0x000000070d400000| PB 0x000000070d400000| Untracked 
|  65|0x000000070d600000, 0x000000070d800000, 0x000000070d800000|100%| O|  |TAMS 0x000000070d600000| PB 0x000000070d600000| Untracked 
|  66|0x000000070d800000, 0x000000070da00000, 0x000000070da00000|100%| O|  |TAMS 0x000000070d800000| PB 0x000000070d800000| Untracked 
|  67|0x000000070da00000, 0x000000070dc00000, 0x000000070dc00000|100%| O|  |TAMS 0x000000070da00000| PB 0x000000070da00000| Untracked 
|  68|0x000000070dc00000, 0x000000070de00000, 0x000000070de00000|100%| O|  |TAMS 0x000000070dc00000| PB 0x000000070dc00000| Untracked 
|  69|0x000000070de00000, 0x000000070e000000, 0x000000070e000000|100%| O|  |TAMS 0x000000070de00000| PB 0x000000070de00000| Untracked 
|  70|0x000000070e000000, 0x000000070e200000, 0x000000070e200000|100%| O|  |TAMS 0x000000070e000000| PB 0x000000070e000000| Untracked 
|  71|0x000000070e200000, 0x000000070e400000, 0x000000070e400000|100%| O|  |TAMS 0x000000070e200000| PB 0x000000070e200000| Untracked 
|  72|0x000000070e400000, 0x000000070e600000, 0x000000070e600000|100%| O|  |TAMS 0x000000070e400000| PB 0x000000070e400000| Untracked 
|  73|0x000000070e600000, 0x000000070e800000, 0x000000070e800000|100%| O|  |TAMS 0x000000070e600000| PB 0x000000070e600000| Untracked 
|  74|0x000000070e800000, 0x000000070ea00000, 0x000000070ea00000|100%| O|  |TAMS 0x000000070e800000| PB 0x000000070e800000| Untracked 
|  75|0x000000070ea00000, 0x000000070ec00000, 0x000000070ec00000|100%| O|  |TAMS 0x000000070ea00000| PB 0x000000070ea00000| Untracked 
|  76|0x000000070ec00000, 0x000000070ee00000, 0x000000070ee00000|100%| O|  |TAMS 0x000000070ec00000| PB 0x000000070ec00000| Untracked 
|  77|0x000000070ee00000, 0x000000070f000000, 0x000000070f000000|100%|HS|  |TAMS 0x000000070ee00000| PB 0x000000070ee00000| Complete 
|  78|0x000000070f000000, 0x000000070f200000, 0x000000070f200000|100%|HC|  |TAMS 0x000000070f000000| PB 0x000000070f000000| Complete 
|  79|0x000000070f200000, 0x000000070f400000, 0x000000070f400000|100%| O|  |TAMS 0x000000070f200000| PB 0x000000070f200000| Untracked 
|  80|0x000000070f400000, 0x000000070f600000, 0x000000070f600000|100%| O|  |TAMS 0x000000070f400000| PB 0x000000070f400000| Untracked 
|  81|0x000000070f600000, 0x000000070f800000, 0x000000070f800000|100%| O|  |TAMS 0x000000070f600000| PB 0x000000070f600000| Untracked 
|  82|0x000000070f800000, 0x000000070fa00000, 0x000000070fa00000|100%| O|  |TAMS 0x000000070f800000| PB 0x000000070f800000| Untracked 
|  83|0x000000070fa00000, 0x000000070fc00000, 0x000000070fc00000|100%| O|  |TAMS 0x000000070fa00000| PB 0x000000070fa00000| Untracked 
|  84|0x000000070fc00000, 0x000000070fe00000, 0x000000070fe00000|100%| O|  |TAMS 0x000000070fc00000| PB 0x000000070fc00000| Untracked 
|  85|0x000000070fe00000, 0x0000000710000000, 0x0000000710000000|100%| O|  |TAMS 0x000000070fe00000| PB 0x000000070fe00000| Untracked 
|  86|0x0000000710000000, 0x0000000710200000, 0x0000000710200000|100%| O|  |TAMS 0x0000000710000000| PB 0x0000000710000000| Untracked 
|  87|0x0000000710200000, 0x0000000710400000, 0x0000000710400000|100%| O|  |TAMS 0x0000000710200000| PB 0x0000000710200000| Untracked 
|  88|0x0000000710400000, 0x0000000710600000, 0x0000000710600000|100%| O|  |TAMS 0x0000000710400000| PB 0x0000000710400000| Untracked 
|  89|0x0000000710600000, 0x0000000710800000, 0x0000000710800000|100%| O|  |TAMS 0x0000000710600000| PB 0x0000000710600000| Untracked 
|  90|0x0000000710800000, 0x0000000710a00000, 0x0000000710a00000|100%| O|  |TAMS 0x0000000710800000| PB 0x0000000710800000| Untracked 
|  91|0x0000000710a00000, 0x0000000710c00000, 0x0000000710c00000|100%| O|  |TAMS 0x0000000710a00000| PB 0x0000000710a00000| Untracked 
|  92|0x0000000710c00000, 0x0000000710e00000, 0x0000000710e00000|100%| O|  |TAMS 0x0000000710c00000| PB 0x0000000710c00000| Untracked 
|  93|0x0000000710e00000, 0x0000000711000000, 0x0000000711000000|100%| O|  |TAMS 0x0000000710e00000| PB 0x0000000710e00000| Untracked 
|  94|0x0000000711000000, 0x0000000711200000, 0x0000000711200000|100%| O|  |TAMS 0x0000000711000000| PB 0x0000000711000000| Untracked 
|  95|0x0000000711200000, 0x0000000711400000, 0x0000000711400000|100%| O|  |TAMS 0x0000000711200000| PB 0x0000000711200000| Untracked 
|  96|0x0000000711400000, 0x0000000711600000, 0x0000000711600000|100%| O|  |TAMS 0x0000000711400000| PB 0x0000000711400000| Untracked 
|  97|0x0000000711600000, 0x0000000711800000, 0x0000000711800000|100%| O|  |TAMS 0x0000000711600000| PB 0x0000000711600000| Untracked 
|  98|0x0000000711800000, 0x0000000711a00000, 0x0000000711a00000|100%| O|  |TAMS 0x0000000711800000| PB 0x0000000711800000| Untracked 
|  99|0x0000000711a00000, 0x0000000711c00000, 0x0000000711c00000|100%| O|  |TAMS 0x0000000711a00000| PB 0x0000000711a00000| Untracked 
| 100|0x0000000711c00000, 0x0000000711e00000, 0x0000000711e00000|100%| O|  |TAMS 0x0000000711c00000| PB 0x0000000711c00000| Untracked 
| 101|0x0000000711e00000, 0x0000000712000000, 0x0000000712000000|100%| O|  |TAMS 0x0000000711e00000| PB 0x0000000711e00000| Untracked 
| 102|0x0000000712000000, 0x0000000712000000, 0x0000000712200000|  0%| F|  |TAMS 0x0000000712000000| PB 0x0000000712000000| Untracked 
| 103|0x0000000712200000, 0x0000000712200000, 0x0000000712400000|  0%| F|  |TAMS 0x0000000712200000| PB 0x0000000712200000| Untracked 
| 104|0x0000000712400000, 0x0000000712400000, 0x0000000712600000|  0%| F|  |TAMS 0x0000000712400000| PB 0x0000000712400000| Untracked 
| 105|0x0000000712600000, 0x0000000712600000, 0x0000000712800000|  0%| F|  |TAMS 0x0000000712600000| PB 0x0000000712600000| Untracked 
| 106|0x0000000712800000, 0x0000000712800000, 0x0000000712a00000|  0%| F|  |TAMS 0x0000000712800000| PB 0x0000000712800000| Untracked 
| 107|0x0000000712a00000, 0x0000000712a00000, 0x0000000712c00000|  0%| F|  |TAMS 0x0000000712a00000| PB 0x0000000712a00000| Untracked 
| 108|0x0000000712c00000, 0x0000000712e00000, 0x0000000712e00000|100%| O|  |TAMS 0x0000000712c00000| PB 0x0000000712c00000| Untracked 
| 109|0x0000000712e00000, 0x0000000713000000, 0x0000000713000000|100%| O|  |TAMS 0x0000000712e00000| PB 0x0000000712e00000| Untracked 
| 110|0x0000000713000000, 0x0000000713200000, 0x0000000713200000|100%| O|  |TAMS 0x0000000713000000| PB 0x0000000713000000| Untracked 
| 111|0x0000000713200000, 0x0000000713400000, 0x0000000713400000|100%| O|  |TAMS 0x0000000713200000| PB 0x0000000713200000| Untracked 
| 112|0x0000000713400000, 0x0000000713400000, 0x0000000713600000|  0%| F|  |TAMS 0x0000000713400000| PB 0x0000000713400000| Untracked 
| 113|0x0000000713600000, 0x0000000713600000, 0x0000000713800000|  0%| F|  |TAMS 0x0000000713600000| PB 0x0000000713600000| Untracked 
| 114|0x0000000713800000, 0x0000000713800000, 0x0000000713a00000|  0%| F|  |TAMS 0x0000000713800000| PB 0x0000000713800000| Untracked 
| 115|0x0000000713a00000, 0x0000000713a00000, 0x0000000713c00000|  0%| F|  |TAMS 0x0000000713a00000| PB 0x0000000713a00000| Untracked 
| 116|0x0000000713c00000, 0x0000000713c00000, 0x0000000713e00000|  0%| F|  |TAMS 0x0000000713c00000| PB 0x0000000713c00000| Untracked 
| 117|0x0000000713e00000, 0x0000000713e00000, 0x0000000714000000|  0%| F|  |TAMS 0x0000000713e00000| PB 0x0000000713e00000| Untracked 
| 118|0x0000000714000000, 0x0000000714000000, 0x0000000714200000|  0%| F|  |TAMS 0x0000000714000000| PB 0x0000000714000000| Untracked 
| 119|0x0000000714200000, 0x0000000714400000, 0x0000000714400000|100%| S|CS|TAMS 0x0000000714200000| PB 0x0000000714200000| Complete 
| 120|0x0000000714400000, 0x0000000714600000, 0x0000000714600000|100%| S|CS|TAMS 0x0000000714400000| PB 0x0000000714400000| Complete 
| 121|0x0000000714600000, 0x0000000714800000, 0x0000000714800000|100%| S|CS|TAMS 0x0000000714600000| PB 0x0000000714600000| Complete 
| 122|0x0000000714800000, 0x0000000714a00000, 0x0000000714a00000|100%| S|CS|TAMS 0x0000000714800000| PB 0x0000000714800000| Complete 
| 123|0x0000000714a00000, 0x0000000714a00000, 0x0000000714c00000|  0%| F|  |TAMS 0x0000000714a00000| PB 0x0000000714a00000| Untracked 
| 124|0x0000000714c00000, 0x0000000714c00000, 0x0000000714e00000|  0%| F|  |TAMS 0x0000000714c00000| PB 0x0000000714c00000| Untracked 
| 125|0x0000000714e00000, 0x0000000714e00000, 0x0000000715000000|  0%| F|  |TAMS 0x0000000714e00000| PB 0x0000000714e00000| Untracked 
| 126|0x0000000715000000, 0x0000000715000000, 0x0000000715200000|  0%| F|  |TAMS 0x0000000715000000| PB 0x0000000715000000| Untracked 
| 127|0x0000000715200000, 0x0000000715200000, 0x0000000715400000|  0%| F|  |TAMS 0x0000000715200000| PB 0x0000000715200000| Untracked 
| 128|0x0000000715400000, 0x0000000715400000, 0x0000000715600000|  0%| F|  |TAMS 0x0000000715400000| PB 0x0000000715400000| Untracked 
| 129|0x0000000715600000, 0x0000000715600000, 0x0000000715800000|  0%| F|  |TAMS 0x0000000715600000| PB 0x0000000715600000| Untracked 
| 130|0x0000000715800000, 0x0000000715800000, 0x0000000715a00000|  0%| F|  |TAMS 0x0000000715800000| PB 0x0000000715800000| Untracked 
| 131|0x0000000715a00000, 0x0000000715a00000, 0x0000000715c00000|  0%| F|  |TAMS 0x0000000715a00000| PB 0x0000000715a00000| Untracked 
| 132|0x0000000715c00000, 0x0000000715c00000, 0x0000000715e00000|  0%| F|  |TAMS 0x0000000715c00000| PB 0x0000000715c00000| Untracked 
| 133|0x0000000715e00000, 0x0000000715e00000, 0x0000000716000000|  0%| F|  |TAMS 0x0000000715e00000| PB 0x0000000715e00000| Untracked 
| 134|0x0000000716000000, 0x0000000716000000, 0x0000000716200000|  0%| F|  |TAMS 0x0000000716000000| PB 0x0000000716000000| Untracked 
| 135|0x0000000716200000, 0x0000000716200000, 0x0000000716400000|  0%| F|  |TAMS 0x0000000716200000| PB 0x0000000716200000| Untracked 
| 136|0x0000000716400000, 0x0000000716400000, 0x0000000716600000|  0%| F|  |TAMS 0x0000000716400000| PB 0x0000000716400000| Untracked 
| 137|0x0000000716600000, 0x0000000716600000, 0x0000000716800000|  0%| F|  |TAMS 0x0000000716600000| PB 0x0000000716600000| Untracked 
| 138|0x0000000716800000, 0x0000000716800000, 0x0000000716a00000|  0%| F|  |TAMS 0x0000000716800000| PB 0x0000000716800000| Untracked 
| 139|0x0000000716a00000, 0x0000000716a00000, 0x0000000716c00000|  0%| F|  |TAMS 0x0000000716a00000| PB 0x0000000716a00000| Untracked 
| 140|0x0000000716c00000, 0x0000000716c00000, 0x0000000716e00000|  0%| F|  |TAMS 0x0000000716c00000| PB 0x0000000716c00000| Untracked 
| 141|0x0000000716e00000, 0x0000000716e00000, 0x0000000717000000|  0%| F|  |TAMS 0x0000000716e00000| PB 0x0000000716e00000| Untracked 
| 142|0x0000000717000000, 0x0000000717000000, 0x0000000717200000|  0%| F|  |TAMS 0x0000000717000000| PB 0x0000000717000000| Untracked 
| 143|0x0000000717200000, 0x0000000717200000, 0x0000000717400000|  0%| F|  |TAMS 0x0000000717200000| PB 0x0000000717200000| Untracked 
| 144|0x0000000717400000, 0x0000000717400000, 0x0000000717600000|  0%| F|  |TAMS 0x0000000717400000| PB 0x0000000717400000| Untracked 
| 145|0x0000000717600000, 0x0000000717600000, 0x0000000717800000|  0%| F|  |TAMS 0x0000000717600000| PB 0x0000000717600000| Untracked 
| 146|0x0000000717800000, 0x0000000717800000, 0x0000000717a00000|  0%| F|  |TAMS 0x0000000717800000| PB 0x0000000717800000| Untracked 
| 147|0x0000000717a00000, 0x0000000717a00000, 0x0000000717c00000|  0%| F|  |TAMS 0x0000000717a00000| PB 0x0000000717a00000| Untracked 
| 148|0x0000000717c00000, 0x0000000717c00000, 0x0000000717e00000|  0%| F|  |TAMS 0x0000000717c00000| PB 0x0000000717c00000| Untracked 
|2005|0x00000007ffe00000, 0x00000007ffe00000, 0x0000000800000000|  0%| F|  |TAMS 0x00000007ffe00000| PB 0x00000007ffe00000| Untracked 

Card table byte_map: [0x000002c775260000,0x000002c775a40000] _byte_map_base: 0x000002c771a36000

Marking Bits: (CMBitMap*) 0x000002c76d16ed40
 Bits: [0x000002c775a40000, 0x000002c7798f0000)

Polling page: 0x000002c76b840000

Metaspace:

Usage:
  Non-class:     65.99 MB used.
      Class:     10.81 MB used.
       Both:     76.80 MB used.

Virtual space:
  Non-class space:      128.00 MB reserved,      66.44 MB ( 52%) committed,  2 nodes.
      Class space:        1.00 GB reserved,      11.12 MB (  1%) committed,  1 nodes.
             Both:        1.12 GB reserved,      77.56 MB (  7%) committed. 

Chunk freelists:
   Non-Class:  13.30 MB
       Class:  4.76 MB
        Both:  18.06 MB

MaxMetaspaceSize: unlimited
CompressedClassSpaceSize: 1.00 GB
Initial GC threshold: 21.00 MB
Current GC threshold: 129.31 MB
CDS: on
 - commit_granule_bytes: 65536.
 - commit_granule_words: 8192.
 - virtual_space_node_default_size: 8388608.
 - enlarge_chunks_in_place: 1.
 - use_allocation_guard: 0.


Internal statistics:

num_allocs_failed_limit: 12.
num_arena_births: 1044.
num_arena_deaths: 0.
num_vsnodes_births: 3.
num_vsnodes_deaths: 0.
num_space_committed: 1241.
num_space_uncommitted: 0.
num_chunks_returned_to_freelist: 12.
num_chunks_taken_from_freelist: 3850.
num_chunk_merges: 9.
num_chunk_splits: 2825.
num_chunks_enlarged: 2236.
num_inconsistent_stats: 0.

CodeCache: size=49152Kb used=15905Kb max_used=16856Kb free=33246Kb
 bounds [0x000002c770ca0000, 0x000002c771d20000, 0x000002c773ca0000]
 total_blobs=7057 nmethods=6196 adapters=777
 compilation: enabled
              stopped_count=0, restarted_count=0
 full_count=0

Compilation events (20 events):
Event: 6.354 Thread 0x000002c77cb78590 nmethod 7808 0x000002c771220490 code [0x000002c771220620, 0x000002c771220730]
Event: 6.354 Thread 0x000002c77c66e190 nmethod 7807 0x000002c770ffe710 code [0x000002c770ffe8c0, 0x000002c770ffeb00]
Event: 6.387 Thread 0x000002c77cb78590 7809       1       org.antlr.v4.runtime.BailErrorStrategy::sync (1 bytes)
Event: 6.388 Thread 0x000002c77cb78590 nmethod 7809 0x000002c771021090 code [0x000002c771021220, 0x000002c7710212e8]
Event: 6.388 Thread 0x000002c77c66e190 7810       1       org.antlr.v4.runtime.misc.FlexibleHashMap::<init> (60 bytes)
Event: 6.388 Thread 0x000002c77c66e190 nmethod 7810 0x000002c7711fd990 code [0x000002c7711fdb80, 0x000002c7711fde40]
Event: 6.390 Thread 0x000002c77cb78590 7811       1       org.antlr.v4.runtime.atn.PredictionMode::allConfigsInRuleStopStates (41 bytes)
Event: 6.390 Thread 0x000002c77cb78590 nmethod 7811 0x000002c771049490 code [0x000002c771049660, 0x000002c771049918]
Event: 6.514 Thread 0x000002c77cb78590 7812       1       org.antlr.v4.runtime.atn.PredictionMode::hasSLLConflictTerminatingPrediction (109 bytes)
Event: 6.515 Thread 0x000002c77cb78590 nmethod 7812 0x000002c771625710 code [0x000002c771625940, 0x000002c771625e40]
Event: 6.545 Thread 0x000002c77f7d81e0 7813       1       java.nio.DirectByteBuffer::address (42 bytes)
Event: 6.546 Thread 0x000002c77d1c4ea0 7814       1       sun.rmi.runtime.Log$LoggerLog::isLoggable (9 bytes)
Event: 6.546 Thread 0x000002c77f7d81e0 nmethod 7813 0x000002c77126bb90 code [0x000002c77126bd80, 0x000002c77126c078]
Event: 6.546 Thread 0x000002c77d1c4ea0 nmethod 7814 0x000002c771296910 code [0x000002c771296aa0, 0x000002c771296bb0]
Event: 6.546 Thread 0x000002c77d1cd7a0 7815       1       java.io.ObjectOutputStream$BlockDataOutputStream::write (152 bytes)
Event: 6.546 Thread 0x000002c77c6564a0 7816       1       java.io.ObjectStreamClass$FieldReflector::getPrimFieldValues (317 bytes)
Event: 6.546 Thread 0x000002c77d1c4ea0 7817       1       java.io.ObjectStreamClass::getSuperDesc (9 bytes)
Event: 6.546 Thread 0x000002c77d1c4ea0 nmethod 7817 0x000002c771278090 code [0x000002c771278240, 0x000002c7712783d0]
Event: 6.547 Thread 0x000002c77d1cd7a0 nmethod 7815 0x000002c771629210 code [0x000002c771629400, 0x000002c7716297c8]
Event: 6.547 Thread 0x000002c77c6564a0 nmethod 7816 0x000002c771695210 code [0x000002c771695460, 0x000002c771695c80]

GC Heap History (20 events):
Event: 6.011 GC heap after
{Heap after GC invocations=25 (full 0):
 garbage-first heap   total 90112K, used 56958K [0x0000000705400000, 0x0000000800000000)
  region size 2048K, 2 young (4096K), 2 survivors (4096K)
 Metaspace       used 78642K, committed 79424K, reserved 1179648K
  class space    used 11072K, committed 11392K, reserved 1048576K
}
Event: 6.050 GC heap before
{Heap before GC invocations=26 (full 0):
 garbage-first heap   total 96256K, used 73342K [0x0000000705400000, 0x0000000800000000)
  region size 2048K, 11 young (22528K), 2 survivors (4096K)
 Metaspace       used 78642K, committed 79424K, reserved 1179648K
  class space    used 11072K, committed 11392K, reserved 1048576K
}
Event: 6.055 GC heap after
{Heap after GC invocations=27 (full 0):
 garbage-first heap   total 116736K, used 64450K [0x0000000705400000, 0x0000000800000000)
  region size 2048K, 2 young (4096K), 2 survivors (4096K)
 Metaspace       used 78642K, committed 79424K, reserved 1179648K
  class space    used 11072K, committed 11392K, reserved 1048576K
}
Event: 6.107 GC heap before
{Heap before GC invocations=27 (full 0):
 garbage-first heap   total 116736K, used 93122K [0x0000000705400000, 0x0000000800000000)
  region size 2048K, 16 young (32768K), 2 survivors (4096K)
 Metaspace       used 78642K, committed 79424K, reserved 1179648K
  class space    used 11072K, committed 11392K, reserved 1048576K
}
Event: 6.113 GC heap after
{Heap after GC invocations=28 (full 0):
 garbage-first heap   total 116736K, used 74171K [0x0000000705400000, 0x0000000800000000)
  region size 2048K, 2 young (4096K), 2 survivors (4096K)
 Metaspace       used 78642K, committed 79424K, reserved 1179648K
  class space    used 11072K, committed 11392K, reserved 1048576K
}
Event: 6.139 GC heap before
{Heap before GC invocations=28 (full 0):
 garbage-first heap   total 116736K, used 88507K [0x0000000705400000, 0x0000000800000000)
  region size 2048K, 10 young (20480K), 2 survivors (4096K)
 Metaspace       used 78642K, committed 79424K, reserved 1179648K
  class space    used 11072K, committed 11392K, reserved 1048576K
}
Event: 6.143 GC heap after
{Heap after GC invocations=29 (full 0):
 garbage-first heap   total 116736K, used 81815K [0x0000000705400000, 0x0000000800000000)
  region size 2048K, 2 young (4096K), 2 survivors (4096K)
 Metaspace       used 78642K, committed 79424K, reserved 1179648K
  class space    used 11072K, committed 11392K, reserved 1048576K
}
Event: 6.185 GC heap before
{Heap before GC invocations=29 (full 0):
 garbage-first heap   total 141312K, used 100247K [0x0000000705400000, 0x0000000800000000)
  region size 2048K, 10 young (20480K), 2 survivors (4096K)
 Metaspace       used 78642K, committed 79424K, reserved 1179648K
  class space    used 11072K, committed 11392K, reserved 1048576K
}
Event: 6.191 GC heap after
{Heap after GC invocations=30 (full 0):
 garbage-first heap   total 141312K, used 90233K [0x0000000705400000, 0x0000000800000000)
  region size 2048K, 2 young (4096K), 2 survivors (4096K)
 Metaspace       used 78642K, committed 79424K, reserved 1179648K
  class space    used 11072K, committed 11392K, reserved 1048576K
}
Event: 6.229 GC heap before
{Heap before GC invocations=31 (full 0):
 garbage-first heap   total 141312K, used 114809K [0x0000000705400000, 0x0000000800000000)
  region size 2048K, 14 young (28672K), 2 survivors (4096K)
 Metaspace       used 78642K, committed 79424K, reserved 1179648K
  class space    used 11072K, committed 11392K, reserved 1048576K
}
Event: 6.234 GC heap after
{Heap after GC invocations=32 (full 0):
 garbage-first heap   total 307200K, used 98915K [0x0000000705400000, 0x0000000800000000)
  region size 2048K, 2 young (4096K), 2 survivors (4096K)
 Metaspace       used 78642K, committed 79424K, reserved 1179648K
  class space    used 11072K, committed 11392K, reserved 1048576K
}
Event: 6.425 GC heap before
{Heap before GC invocations=32 (full 0):
 garbage-first heap   total 307200K, used 213603K [0x0000000705400000, 0x0000000800000000)
  region size 2048K, 59 young (120832K), 2 survivors (4096K)
 Metaspace       used 78643K, committed 79424K, reserved 1179648K
  class space    used 11072K, committed 11392K, reserved 1048576K
}
Event: 6.435 GC heap after
{Heap after GC invocations=33 (full 0):
 garbage-first heap   total 307200K, used 116068K [0x0000000705400000, 0x0000000800000000)
  region size 2048K, 8 young (16384K), 8 survivors (16384K)
 Metaspace       used 78643K, committed 79424K, reserved 1179648K
  class space    used 11072K, committed 11392K, reserved 1048576K
}
Event: 6.613 GC heap before
{Heap before GC invocations=33 (full 0):
 garbage-first heap   total 307200K, used 232804K [0x0000000705400000, 0x0000000800000000)
  region size 2048K, 64 young (131072K), 8 survivors (16384K)
 Metaspace       used 78643K, committed 79424K, reserved 1179648K
  class space    used 11072K, committed 11392K, reserved 1048576K
}
Event: 6.631 GC heap after
{Heap after GC invocations=34 (full 0):
 garbage-first heap   total 307200K, used 163503K [0x0000000705400000, 0x0000000800000000)
  region size 2048K, 8 young (16384K), 8 survivors (16384K)
 Metaspace       used 78643K, committed 79424K, reserved 1179648K
  class space    used 11072K, committed 11392K, reserved 1048576K
}
Event: 6.711 GC heap before
{Heap before GC invocations=34 (full 0):
 garbage-first heap   total 307200K, used 212655K [0x0000000705400000, 0x0000000800000000)
  region size 2048K, 33 young (67584K), 8 survivors (16384K)
 Metaspace       used 78643K, committed 79424K, reserved 1179648K
  class space    used 11072K, committed 11392K, reserved 1048576K
}
Event: 6.723 GC heap after
{Heap after GC invocations=35 (full 0):
 garbage-first heap   total 307200K, used 185434K [0x0000000705400000, 0x0000000800000000)
  region size 2048K, 7 young (14336K), 7 survivors (14336K)
 Metaspace       used 78643K, committed 79424K, reserved 1179648K
  class space    used 11072K, committed 11392K, reserved 1048576K
}
Event: 6.847 GC heap before
{Heap before GC invocations=36 (full 0):
 garbage-first heap   total 307200K, used 244826K [0x0000000705400000, 0x0000000800000000)
  region size 2048K, 41 young (83968K), 7 survivors (14336K)
 Metaspace       used 78643K, committed 79424K, reserved 1179648K
  class space    used 11072K, committed 11392K, reserved 1048576K
}
Event: 6.861 GC heap after
{Heap after GC invocations=37 (full 0):
 garbage-first heap   total 307200K, used 203955K [0x0000000705400000, 0x0000000800000000)
  region size 2048K, 6 young (12288K), 6 survivors (12288K)
 Metaspace       used 78643K, committed 79424K, reserved 1179648K
  class space    used 11072K, committed 11392K, reserved 1048576K
}
Event: 6.929 GC heap before
{Heap before GC invocations=37 (full 0):
 garbage-first heap   total 307200K, used 257203K [0x0000000705400000, 0x0000000800000000)
  region size 2048K, 32 young (65536K), 6 survivors (12288K)
 Metaspace       used 78643K, committed 79424K, reserved 1179648K
  class space    used 11072K, committed 11392K, reserved 1048576K
}

Dll operation events (11 events):
Event: 0.007 Loaded shared library C:\sts-4.27.0.RELEASE\plugins\org.eclipse.justj.openjdk.hotspot.jre.full.win32.x86_64_21.0.5.v20241023-1957\jre\bin\java.dll
Event: 0.032 Loaded shared library C:\sts-4.27.0.RELEASE\plugins\org.eclipse.justj.openjdk.hotspot.jre.full.win32.x86_64_21.0.5.v20241023-1957\jre\bin\zip.dll
Event: 0.157 Loaded shared library C:\sts-4.27.0.RELEASE\plugins\org.eclipse.justj.openjdk.hotspot.jre.full.win32.x86_64_21.0.5.v20241023-1957\jre\bin\jimage.dll
Event: 0.160 Loaded shared library C:\sts-4.27.0.RELEASE\plugins\org.eclipse.justj.openjdk.hotspot.jre.full.win32.x86_64_21.0.5.v20241023-1957\jre\bin\net.dll
Event: 0.161 Loaded shared library C:\sts-4.27.0.RELEASE\plugins\org.eclipse.justj.openjdk.hotspot.jre.full.win32.x86_64_21.0.5.v20241023-1957\jre\bin\nio.dll
Event: 0.163 Loaded shared library C:\sts-4.27.0.RELEASE\plugins\org.eclipse.justj.openjdk.hotspot.jre.full.win32.x86_64_21.0.5.v20241023-1957\jre\bin\zip.dll
Event: 0.228 Loaded shared library C:\sts-4.27.0.RELEASE\plugins\org.eclipse.justj.openjdk.hotspot.jre.full.win32.x86_64_21.0.5.v20241023-1957\jre\bin\management.dll
Event: 0.236 Loaded shared library C:\sts-4.27.0.RELEASE\plugins\org.eclipse.justj.openjdk.hotspot.jre.full.win32.x86_64_21.0.5.v20241023-1957\jre\bin\management_ext.dll
Event: 0.398 Loaded shared library C:\sts-4.27.0.RELEASE\plugins\org.eclipse.justj.openjdk.hotspot.jre.full.win32.x86_64_21.0.5.v20241023-1957\jre\bin\extnet.dll
Event: 1.060 Loaded shared library C:\sts-4.27.0.RELEASE\plugins\org.eclipse.justj.openjdk.hotspot.jre.full.win32.x86_64_21.0.5.v20241023-1957\jre\bin\sunmscapi.dll
Event: 3.281 Loaded shared library C:\sts-4.27.0.RELEASE\plugins\org.eclipse.justj.openjdk.hotspot.jre.full.win32.x86_64_21.0.5.v20241023-1957\jre\bin\verify.dll

Deoptimization events (4 events):
Event: 2.206 Thread 0x000002c77da881e0 DEOPT PACKING pc=0x000002c7716f950c sp=0x000000ca9ecf8f40
Event: 2.206 Thread 0x000002c77da881e0 DEOPT UNPACKING pc=0x000002c770cf88e2 sp=0x000000ca9ecf83f8 mode 0
Event: 2.505 Thread 0x000002c77da881e0 DEOPT PACKING pc=0x000002c7718216fc sp=0x000000ca9ecfbbb0
Event: 2.506 Thread 0x000002c77da881e0 DEOPT UNPACKING pc=0x000002c770cf88e2 sp=0x000000ca9ecfb158 mode 0

Classes loaded (20 events):
Event: 5.474 Loading class java/util/WeakHashMap$KeyIterator
Event: 5.474 Loading class java/util/WeakHashMap$HashIterator
Event: 5.474 Loading class java/util/WeakHashMap$HashIterator done
Event: 5.474 Loading class java/util/WeakHashMap$KeyIterator done
Event: 5.474 Loading class java/util/WeakHashMap$EntrySet
Event: 5.474 Loading class java/util/WeakHashMap$EntrySet done
Event: 5.474 Loading class java/util/WeakHashMap$EntryIterator
Event: 5.474 Loading class java/util/WeakHashMap$EntryIterator done
Event: 5.502 Loading class java/lang/Package$1PackageInfoProxy
Event: 5.502 Loading class java/lang/Package$1PackageInfoProxy done
Event: 5.515 Loading class java/util/stream/ReduceOps$5
Event: 5.515 Loading class java/util/stream/ReduceOps$5 done
Event: 5.515 Loading class java/util/stream/ReduceOps$CountingSink$OfRef
Event: 5.515 Loading class java/util/stream/ReduceOps$CountingSink
Event: 5.515 Loading class java/util/stream/ReduceOps$CountingSink done
Event: 5.515 Loading class java/util/stream/ReduceOps$CountingSink$OfRef done
Event: 5.541 Loading class java/util/regex/Pattern$Behind
Event: 5.541 Loading class java/util/regex/Pattern$Behind done
Event: 5.554 Loading class java/util/EmptyStackException
Event: 5.554 Loading class java/util/EmptyStackException done

Classes unloaded (0 events):
No events

Classes redefined (0 events):
No events

Internal exceptions (20 events):
Event: 5.164 Thread 0x000002c77da881e0 Exception <a 'java/lang/NoSuchMethodError'{0x00000007098bfe70}: 'java.lang.Object java.lang.invoke.DirectMethodHandle$Holder.newInvokeSpecial(java.lang.Object, java.lang.Object, int, java.lang.Object)'> (0x00000007098bfe70) 
thrown [s\src\hotspot\share\interpreter\linkResolver.cpp, line 773]
Event: 5.164 Thread 0x000002c77da881e0 Exception <a 'java/lang/NoSuchMethodError'{0x00000007098c3850}: 'java.lang.Object java.lang.invoke.Invokers$Holder.linkToTargetMethod(java.lang.Object, int, java.lang.Object, java.lang.Object)'> (0x00000007098c3850) 
thrown [s\src\hotspot\share\interpreter\linkResolver.cpp, line 773]
Event: 5.171 Thread 0x000002c77da881e0 Exception <a 'java/lang/NoSuchMethodError'{0x000000070994e998}: 'void java.lang.invoke.DirectMethodHandle$Holder.invokeSpecial(java.lang.Object, java.lang.Object, java.lang.Object, java.lang.Object, java.lang.Object, java.lang.Object, java.lang.Object, java.lang.Object)'> (0x000000070994e998) 
thrown [s\src\hotspot\share\interpreter\linkResolver.cpp, line 773]
Event: 5.175 Thread 0x000002c77da881e0 Exception <a 'java/lang/NoSuchMethodError'{0x0000000709988f98}: 'void java.lang.invoke.DirectMethodHandle$Holder.invokeSpecial(java.lang.Object, java.lang.Object, int, java.lang.Object)'> (0x0000000709988f98) 
thrown [s\src\hotspot\share\interpreter\linkResolver.cpp, line 773]
Event: 5.175 Thread 0x000002c77da881e0 Exception <a 'java/lang/IncompatibleClassChangeError'{0x000000070998f660}: Found class java.lang.Object, but interface was expected> (0x000000070998f660) 
thrown [s\src\hotspot\share\interpreter\linkResolver.cpp, line 840]
Event: 5.200 Thread 0x000002c77da881e0 Exception <a 'java/lang/NoSuchMethodError'{0x0000000709777818}: 'java.lang.Object java.lang.invoke.DirectMethodHandle$Holder.newInvokeSpecial(java.lang.Object, java.lang.Object, java.lang.Object, java.lang.Object, java.lang.Object, int, java.lang.Object)'> (0x0000000709777818) 
thrown [s\src\hotspot\share\interpreter\linkResolver.cpp, line 773]
Event: 5.202 Thread 0x000002c77da881e0 Exception <a 'java/lang/NoSuchMethodError'{0x000000070979cca8}: 'void java.lang.invoke.DirectMethodHandle$Holder.invokeSpecial(java.lang.Object, java.lang.Object, java.lang.Object, java.lang.Object, java.lang.Object, java.lang.Object, java.lang.Object, java.lang.Object, java.lang.Object, java.lang.Object, java.lang.Object, java.lang.Object, java.lang.Object)'> (0x000000070979cca8) 
thrown [s\src\hotspot\share\interpreter\linkResolver.cpp, line 773]
Event: 5.202 Thread 0x000002c77da881e0 Exception <a 'java/lang/NoSuchMethodError'{0x00000007097aa1a8}: 'java.lang.Object java.lang.invoke.DirectMethodHandle$Holder.newInvokeSpecial(java.lang.Object, java.lang.Object, java.lang.Object, java.lang.Object, java.lang.Object, java.lang.Object, java.lang.Object, java.lang.Object, java.lang.Object, java.lang.Object, java.lang.Object, java.lang.Object)'> (0x00000007097aa1a8) 
thrown [s\src\hotspot\share\interpreter\linkResolver.cpp, line 773]
Event: 5.202 Thread 0x000002c77da881e0 Exception <a 'java/lang/NoSuchMethodError'{0x00000007097aeae0}: 'java.lang.Object java.lang.invoke.DirectMethodHandle$Holder.invokeSpecial(java.lang.Object, java.lang.Object, java.lang.Object, java.lang.Object, java.lang.Object, java.lang.Object, java.lang.Object, java.lang.Object, java.lang.Object, java.lang.Object, java.lang.Object, java.lang.Object, java.lang.Object)'> (0x00000007097aeae0) 
thrown [s\src\hotspot\share\interpreter\linkResolver.cpp, line 773]
Event: 5.202 Thread 0x000002c77da881e0 Exception <a 'java/lang/NoSuchMethodError'{0x00000007097b2fd8}: 'java.lang.Object java.lang.invoke.Invokers$Holder.linkToTargetMethod(java.lang.Object, java.lang.Object, java.lang.Object, java.lang.Object, java.lang.Object, java.lang.Object, java.lang.Object, java.lang.Object, java.lang.Object, java.lang.Object, java.lang.Object, java.lang.Object)'> (0x00000007097b2fd8) 
thrown [s\src\hotspot\share\interpreter\linkResolver.cpp, line 773]
Event: 5.239 Thread 0x000002c77da881e0 Exception <a 'java/lang/IncompatibleClassChangeError'{0x000000070923a438}: Found class java.lang.Object, but interface was expected> (0x000000070923a438) 
thrown [s\src\hotspot\share\interpreter\linkResolver.cpp, line 840]
Event: 5.245 Thread 0x000002c77da881e0 Exception <a 'java/lang/NoSuchMethodError'{0x00000007092aec08}: 'java.lang.Object java.lang.invoke.DirectMethodHandle$Holder.newInvokeSpecial(java.lang.Object, java.lang.Object, java.lang.Object, java.lang.Object, java.lang.Object, java.lang.Object, java.lang.Object, int)'> (0x00000007092aec08) 
thrown [s\src\hotspot\share\interpreter\linkResolver.cpp, line 773]
Event: 5.246 Thread 0x000002c77da881e0 Exception <a 'java/lang/NoSuchMethodError'{0x00000007092b3258}: 'java.lang.Object java.lang.invoke.DirectMethodHandle$Holder.invokeSpecial(java.lang.Object, java.lang.Object, java.lang.Object, java.lang.Object, java.lang.Object, java.lang.Object, java.lang.Object, java.lang.Object, int)'> (0x00000007092b3258) 
thrown [s\src\hotspot\share\interpreter\linkResolver.cpp, line 773]
Event: 5.246 Thread 0x000002c77da881e0 Exception <a 'java/lang/NoSuchMethodError'{0x00000007092b72c8}: 'java.lang.Object java.lang.invoke.Invokers$Holder.linkToTargetMethod(java.lang.Object, java.lang.Object, java.lang.Object, java.lang.Object, java.lang.Object, java.lang.Object, int, java.lang.Object)'> (0x00000007092b72c8) 
thrown [s\src\hotspot\share\interpreter\linkResolver.cpp, line 773]
Event: 5.261 Thread 0x000002c77da881e0 Exception <a 'java/lang/NoSuchMethodError'{0x00000007093d11f8}: 'java.lang.Object java.lang.invoke.DirectMethodHandle$Holder.newInvokeSpecial(java.lang.Object, java.lang.Object, int, java.lang.Object, int, java.lang.Object, java.lang.Object)'> (0x00000007093d11f8) 
thrown [s\src\hotspot\share\interpreter\linkResolver.cpp, line 773]
Event: 5.269 Thread 0x000002c77da881e0 Exception <a 'java/lang/NoSuchMethodError'{0x000000070901f2d8}: 'void java.lang.invoke.DirectMethodHandle$Holder.invokeInterface(java.lang.Object, java.lang.Object)'> (0x000000070901f2d8) 
thrown [s\src\hotspot\share\interpreter\linkResolver.cpp, line 773]
Event: 5.310 Thread 0x000002c77da881e0 Exception <a 'java/lang/NoSuchMethodError'{0x0000000708c03e98}: 'void java.lang.invoke.Invokers$Holder.invokeExact_MT(java.lang.Object, java.lang.Object, java.lang.Object, java.lang.Object)'> (0x0000000708c03e98) 
thrown [s\src\hotspot\share\interpreter\linkResolver.cpp, line 773]
Event: 5.372 Thread 0x000002c77da881e0 Exception <a 'java/lang/IncompatibleClassChangeError'{0x0000000714f54ae8}: Found class java.lang.Object, but interface was expected> (0x0000000714f54ae8) 
thrown [s\src\hotspot\share\interpreter\linkResolver.cpp, line 840]
Event: 5.408 Thread 0x000002c77da881e0 Exception <a 'java/lang/IncompatibleClassChangeError'{0x0000000713bd0a70}: Found class java.lang.Object, but interface was expected> (0x0000000713bd0a70) 
thrown [s\src\hotspot\share\interpreter\linkResolver.cpp, line 840]
Event: 5.497 Thread 0x000002c77da881e0 Exception <a 'java/lang/IncompatibleClassChangeError'{0x0000000709c33268}: Found class java.lang.Object, but interface was expected> (0x0000000709c33268) 
thrown [s\src\hotspot\share\interpreter\linkResolver.cpp, line 840]

ZGC Phase Switch (0 events):
No events

VM Operations (20 events):
Event: 6.176 Executing VM operation: G1PauseRemark done
Event: 6.185 Executing VM operation: G1CollectForAllocation (G1 Evacuation Pause)
Event: 6.191 Executing VM operation: G1CollectForAllocation (G1 Evacuation Pause) done
Event: 6.195 Executing VM operation: G1PauseCleanup
Event: 6.195 Executing VM operation: G1PauseCleanup done
Event: 6.229 Executing VM operation: G1CollectForAllocation (G1 Evacuation Pause)
Event: 6.234 Executing VM operation: G1CollectForAllocation (G1 Evacuation Pause) done
Event: 6.425 Executing VM operation: G1CollectForAllocation (G1 Evacuation Pause)
Event: 6.435 Executing VM operation: G1CollectForAllocation (G1 Evacuation Pause) done
Event: 6.613 Executing VM operation: G1CollectForAllocation (G1 Evacuation Pause)
Event: 6.631 Executing VM operation: G1CollectForAllocation (G1 Evacuation Pause) done
Event: 6.711 Executing VM operation: G1TryInitiateConcMark (G1 Humongous Allocation)
Event: 6.723 Executing VM operation: G1TryInitiateConcMark (G1 Humongous Allocation) done
Event: 6.753 Executing VM operation: G1PauseRemark
Event: 6.761 Executing VM operation: G1PauseRemark done
Event: 6.780 Executing VM operation: G1PauseCleanup
Event: 6.780 Executing VM operation: G1PauseCleanup done
Event: 6.847 Executing VM operation: G1CollectForAllocation (G1 Evacuation Pause)
Event: 6.861 Executing VM operation: G1CollectForAllocation (G1 Evacuation Pause) done
Event: 6.929 Executing VM operation: G1CollectForAllocation (G1 Evacuation Pause)

Memory protections (0 events):
No events

Nmethod flushes (20 events):
Event: 6.032 Thread 0x000002c77c636970 flushing  nmethod 0x000002c7717fe810
Event: 6.032 Thread 0x000002c77c636970 flushing  nmethod 0x000002c771800390
Event: 6.032 Thread 0x000002c77c636970 flushing  nmethod 0x000002c771807a10
Event: 6.032 Thread 0x000002c77c636970 flushing  nmethod 0x000002c771886f10
Event: 6.032 Thread 0x000002c77c636970 flushing  nmethod 0x000002c771887710
Event: 6.032 Thread 0x000002c77c636970 flushing  nmethod 0x000002c771889310
Event: 6.175 Thread 0x000002c77c636970 flushing  nmethod 0x000002c771552390
Event: 6.175 Thread 0x000002c77c636970 flushing  nmethod 0x000002c771759d90
Event: 6.175 Thread 0x000002c77c636970 flushing  nmethod 0x000002c7718ab990
Event: 6.175 Thread 0x000002c77c636970 flushing  nmethod 0x000002c7713d3d90
Event: 6.175 Thread 0x000002c77c636970 flushing  nmethod 0x000002c77145f290
Event: 6.175 Thread 0x000002c77c636970 flushing  nmethod 0x000002c771538790
Event: 6.175 Thread 0x000002c77c636970 flushing  nmethod 0x000002c771393010
Event: 6.175 Thread 0x000002c77c636970 flushing  nmethod 0x000002c77146fc10
Event: 6.175 Thread 0x000002c77c636970 flushing  nmethod 0x000002c77186b610
Event: 6.175 Thread 0x000002c77c636970 flushing  nmethod 0x000002c7718a2390
Event: 6.175 Thread 0x000002c77c636970 flushing  nmethod 0x000002c771cbab90
Event: 6.175 Thread 0x000002c77c636970 flushing  nmethod 0x000002c77188cd10
Event: 6.175 Thread 0x000002c77c636970 flushing  nmethod 0x000002c771891f10
Event: 6.175 Thread 0x000002c77c636970 flushing  nmethod 0x000002c771cd5c10

Events (20 events):
Event: 0.601 Thread 0x000002c77da87b80 Thread added: 0x000002c77da881e0
Event: 0.826 Thread 0x000002c77da881e0 Thread added: 0x000002c77dcadcb0
Event: 0.844 Thread 0x000002c77d28d060 Thread added: 0x000002c77dd17a90
Event: 0.855 Thread 0x000002c77dd17a90 Thread added: 0x000002c77dd5c450
Event: 0.855 Thread 0x000002c77d2212d0 Thread added: 0x000002c77dd5cae0
Event: 0.863 Thread 0x000002c77dd5cae0 Thread added: 0x000002c77dd5ebb0
Event: 1.066 Thread 0x000002c77dcadcb0 Thread exited: 0x000002c77dcadcb0
Event: 1.296 Thread 0x000002c77da881e0 Thread added: 0x000002c77dd5e520
Event: 1.357 Thread 0x000002c77dd5e520 Thread exited: 0x000002c77dd5e520
Event: 2.829 Thread 0x000002c77da881e0 Thread added: 0x000002c77dd5f8d0
Event: 2.830 Thread 0x000002c77dd5f8d0 Thread added: 0x000002c77dd5d170
Event: 2.833 Thread 0x000002c77da881e0 Thread added: 0x000002c77dd5d800
Event: 3.566 Thread 0x000002c77da881e0 Thread added: 0x000002c77dd5de90
Event: 3.572 Thread 0x000002c77da881e0 Thread added: 0x000002c77dd5e520
Event: 3.662 Thread 0x000002c77da881e0 Thread added: 0x000002c77f7898f0
Event: 3.956 Thread 0x000002c77da881e0 Thread added: 0x000002c77f787820
Event: 3.971 Thread 0x000002c77da881e0 Thread added: 0x000002c77f789f80
Event: 4.046 Thread 0x000002c77d1cd7a0 Thread added: 0x000002c77f7d7b40
Event: 4.047 Thread 0x000002c77d1cd7a0 Thread added: 0x000002c77f7d81e0
Event: 4.083 Thread 0x000002c77f789f80 Thread added: 0x000002c77f78a610


Dynamic libraries:
0x00007ff776aa0000 - 0x00007ff776aae000 	C:\sts-4.27.0.RELEASE\plugins\org.eclipse.justj.openjdk.hotspot.jre.full.win32.x86_64_21.0.5.v20241023-1957\jre\bin\javaw.exe
0x00007ffc484a0000 - 0x00007ffc48703000 	C:\WINDOWS\SYSTEM32\ntdll.dll
0x00007ffc478a0000 - 0x00007ffc47968000 	C:\WINDOWS\System32\KERNEL32.DLL
0x00007ffc459d0000 - 0x00007ffc45d82000 	C:\WINDOWS\System32\KERNELBASE.dll
0x00007ffc461b0000 - 0x00007ffc462fb000 	C:\WINDOWS\System32\ucrtbase.dll
0x00007ffc1ef20000 - 0x00007ffc1ef38000 	C:\sts-4.27.0.RELEASE\plugins\org.eclipse.justj.openjdk.hotspot.jre.full.win32.x86_64_21.0.5.v20241023-1957\jre\bin\jli.dll
0x00007ffc47be0000 - 0x00007ffc47da8000 	C:\WINDOWS\System32\USER32.dll
0x00007ffc21c20000 - 0x00007ffc21eb0000 	C:\WINDOWS\WinSxS\amd64_microsoft.windows.common-controls_6595b64144ccf1df_6.0.26100.2454_none_3e0b68a2e331ad60\COMCTL32.dll
0x00007ffc168b0000 - 0x00007ffc168ce000 	C:\sts-4.27.0.RELEASE\plugins\org.eclipse.justj.openjdk.hotspot.jre.full.win32.x86_64_21.0.5.v20241023-1957\jre\bin\VCRUNTIME140.dll
0x00007ffc45870000 - 0x00007ffc45897000 	C:\WINDOWS\System32\win32u.dll
0x00007ffc47b30000 - 0x00007ffc47bd9000 	C:\WINDOWS\System32\msvcrt.dll
0x00007ffc47560000 - 0x00007ffc4758a000 	C:\WINDOWS\System32\GDI32.dll
0x00007ffc458a0000 - 0x00007ffc459cb000 	C:\WINDOWS\System32\gdi32full.dll
0x00007ffc46100000 - 0x00007ffc461a3000 	C:\WINDOWS\System32\msvcp_win.dll
0x00007ffc48260000 - 0x00007ffc4828f000 	C:\WINDOWS\System32\IMM32.DLL
0x00007ffc30780000 - 0x00007ffc3078c000 	C:\sts-4.27.0.RELEASE\plugins\org.eclipse.justj.openjdk.hotspot.jre.full.win32.x86_64_21.0.5.v20241023-1957\jre\bin\vcruntime140_1.dll
0x00007ffbee020000 - 0x00007ffbee0ad000 	C:\sts-4.27.0.RELEASE\plugins\org.eclipse.justj.openjdk.hotspot.jre.full.win32.x86_64_21.0.5.v20241023-1957\jre\bin\msvcp140.dll
0x00007ffbf6070000 - 0x00007ffbf6dff000 	C:\sts-4.27.0.RELEASE\plugins\org.eclipse.justj.openjdk.hotspot.jre.full.win32.x86_64_21.0.5.v20241023-1957\jre\bin\server\jvm.dll
0x00007ffc477e0000 - 0x00007ffc47894000 	C:\WINDOWS\System32\ADVAPI32.dll
0x00007ffc474b0000 - 0x00007ffc47556000 	C:\WINDOWS\System32\sechost.dll
0x00007ffc47a10000 - 0x00007ffc47b26000 	C:\WINDOWS\System32\RPCRT4.dll
0x00007ffc48380000 - 0x00007ffc483f4000 	C:\WINDOWS\System32\WS2_32.dll
0x00007ffc44a50000 - 0x00007ffc44a9e000 	C:\WINDOWS\SYSTEM32\POWRPROF.dll
0x00007ffc36380000 - 0x00007ffc363b6000 	C:\WINDOWS\SYSTEM32\WINMM.dll
0x00007ffc40060000 - 0x00007ffc4006b000 	C:\WINDOWS\SYSTEM32\VERSION.dll
0x00007ffc449e0000 - 0x00007ffc449f4000 	C:\WINDOWS\SYSTEM32\UMPDC.dll
0x00007ffc446b0000 - 0x00007ffc446ca000 	C:\WINDOWS\SYSTEM32\kernel.appcore.dll
0x00007ffc32d60000 - 0x00007ffc32d6a000 	C:\sts-4.27.0.RELEASE\plugins\org.eclipse.justj.openjdk.hotspot.jre.full.win32.x86_64_21.0.5.v20241023-1957\jre\bin\jimage.dll
0x00007ffc34ec0000 - 0x00007ffc35101000 	C:\WINDOWS\SYSTEM32\DBGHELP.DLL
0x00007ffc47ed0000 - 0x00007ffc4824e000 	C:\WINDOWS\System32\combase.dll
0x00007ffc47db0000 - 0x00007ffc47e86000 	C:\WINDOWS\System32\OLEAUT32.dll
0x00007ffc336a0000 - 0x00007ffc336d9000 	C:\WINDOWS\SYSTEM32\dbgcore.DLL
0x00007ffc45e20000 - 0x00007ffc45eb9000 	C:\WINDOWS\System32\bcryptPrimitives.dll
0x00007ffc1f950000 - 0x00007ffc1f96f000 	C:\sts-4.27.0.RELEASE\plugins\org.eclipse.justj.openjdk.hotspot.jre.full.win32.x86_64_21.0.5.v20241023-1957\jre\bin\java.dll
0x00007ffc465b0000 - 0x00007ffc46cb1000 	C:\WINDOWS\System32\SHELL32.dll
0x00007ffc435c0000 - 0x00007ffc43df1000 	C:\WINDOWS\SYSTEM32\windows.storage.dll
0x00007ffc482a0000 - 0x00007ffc4837a000 	C:\WINDOWS\System32\SHCORE.dll
0x00007ffc46cd0000 - 0x00007ffc46d2d000 	C:\WINDOWS\System32\shlwapi.dll
0x00007ffc45780000 - 0x00007ffc457ae000 	C:\WINDOWS\SYSTEM32\profapi.dll
0x00007ffc1db30000 - 0x00007ffc1db48000 	C:\sts-4.27.0.RELEASE\plugins\org.eclipse.justj.openjdk.hotspot.jre.full.win32.x86_64_21.0.5.v20241023-1957\jre\bin\zip.dll
0x00007ffc30da0000 - 0x00007ffc30db0000 	C:\sts-4.27.0.RELEASE\plugins\org.eclipse.justj.openjdk.hotspot.jre.full.win32.x86_64_21.0.5.v20241023-1957\jre\bin\net.dll
0x00007ffc3fd20000 - 0x00007ffc3fe46000 	C:\WINDOWS\SYSTEM32\WINHTTP.dll
0x00007ffc44cc0000 - 0x00007ffc44d28000 	C:\WINDOWS\system32\mswsock.dll
0x00007ffc1d8d0000 - 0x00007ffc1d8e6000 	C:\sts-4.27.0.RELEASE\plugins\org.eclipse.justj.openjdk.hotspot.jre.full.win32.x86_64_21.0.5.v20241023-1957\jre\bin\nio.dll
0x00007ffc1fac0000 - 0x00007ffc1faca000 	C:\sts-4.27.0.RELEASE\plugins\org.eclipse.justj.openjdk.hotspot.jre.full.win32.x86_64_21.0.5.v20241023-1957\jre\bin\management.dll
0x00007ffc1e070000 - 0x00007ffc1e07b000 	C:\sts-4.27.0.RELEASE\plugins\org.eclipse.justj.openjdk.hotspot.jre.full.win32.x86_64_21.0.5.v20241023-1957\jre\bin\management_ext.dll
0x00007ffc48400000 - 0x00007ffc48408000 	C:\WINDOWS\System32\PSAPI.DLL
0x00007ffc30680000 - 0x00007ffc30698000 	C:\WINDOWS\system32\napinsp.dll
0x00007ffc44130000 - 0x00007ffc44255000 	C:\WINDOWS\SYSTEM32\DNSAPI.dll
0x00007ffc440f0000 - 0x00007ffc44122000 	C:\WINDOWS\SYSTEM32\IPHLPAPI.DLL
0x00007ffc46cc0000 - 0x00007ffc46cca000 	C:\WINDOWS\System32\NSI.dll
0x00007ffc30640000 - 0x00007ffc30652000 	C:\WINDOWS\System32\winrnr.dll
0x00007ffc305a0000 - 0x00007ffc305c2000 	C:\WINDOWS\system32\nlansp_c.dll
0x00007ffc2fde0000 - 0x00007ffc2fdf6000 	C:\WINDOWS\system32\wshbth.dll
0x00007ffc3ec10000 - 0x00007ffc3ec1b000 	C:\Windows\System32\rasadhlp.dll
0x00007ffc3f5c0000 - 0x00007ffc3f645000 	C:\WINDOWS\System32\fwpuclnt.dll
0x00007ffc44f60000 - 0x00007ffc44f7c000 	C:\WINDOWS\SYSTEM32\CRYPTSP.dll
0x00007ffc44610000 - 0x00007ffc44648000 	C:\WINDOWS\system32\rsaenh.dll
0x00007ffc44d60000 - 0x00007ffc44d8b000 	C:\WINDOWS\SYSTEM32\USERENV.dll
0x00007ffc451a0000 - 0x00007ffc451c6000 	C:\WINDOWS\SYSTEM32\bcrypt.dll
0x00007ffc44f80000 - 0x00007ffc44f8c000 	C:\WINDOWS\SYSTEM32\CRYPTBASE.dll
0x00007ffc27820000 - 0x00007ffc27829000 	C:\sts-4.27.0.RELEASE\plugins\org.eclipse.justj.openjdk.hotspot.jre.full.win32.x86_64_21.0.5.v20241023-1957\jre\bin\extnet.dll
0x00007ffc30c90000 - 0x00007ffc30c9e000 	C:\sts-4.27.0.RELEASE\plugins\org.eclipse.justj.openjdk.hotspot.jre.full.win32.x86_64_21.0.5.v20241023-1957\jre\bin\sunmscapi.dll
0x00007ffc45ec0000 - 0x00007ffc46036000 	C:\WINDOWS\System32\CRYPT32.dll
0x00007ffc45160000 - 0x00007ffc45190000 	C:\WINDOWS\SYSTEM32\ncrypt.dll
0x00007ffc45110000 - 0x00007ffc4514f000 	C:\WINDOWS\SYSTEM32\NTASN1.dll
0x00007ffc30810000 - 0x00007ffc30820000 	C:\sts-4.27.0.RELEASE\plugins\org.eclipse.justj.openjdk.hotspot.jre.full.win32.x86_64_21.0.5.v20241023-1957\jre\bin\verify.dll

dbghelp: loaded successfully - version: 4.0.5 - missing functions: none
symbol engine: initialized successfully - sym options: 0x614 - pdb path: .;C:\sts-4.27.0.RELEASE\plugins\org.eclipse.justj.openjdk.hotspot.jre.full.win32.x86_64_21.0.5.v20241023-1957\jre\bin;C:\WINDOWS\SYSTEM32;C:\WINDOWS\WinSxS\amd64_microsoft.windows.common-controls_6595b64144ccf1df_6.0.26100.2454_none_3e0b68a2e331ad60;C:\sts-4.27.0.RELEASE\plugins\org.eclipse.justj.openjdk.hotspot.jre.full.win32.x86_64_21.0.5.v20241023-1957\jre\bin\server

VM Arguments:
jvm_args: -Dcom.sun.management.jmxremote -Dcom.sun.management.jmxremote.port=63642 -Dcom.sun.management.jmxremote.authenticate=false -Dcom.sun.management.jmxremote.ssl=false -Djava.rmi.server.hostname=localhost -Dspring.jmx.enabled=true -Dmanagement.endpoints.jmx.exposure.include=* -Dspring.application.admin.enabled=true -XX:TieredStopAtLevel=1 -Dspring.boot.project.name=Loopin -Dfile.encoding=UTF-8 -Dstdout.encoding=UTF-8 -Dstderr.encoding=UTF-8 -XX:+ShowCodeDetailsInExceptionMessages 
java_command: com.itwillbs.c4d2412t3p1.LoopinApplication --spring.output.ansi.enabled=always
java_class_path (initial): C:\Users\ITWILL\git\Loopin\Loopin\bin\main;C:\Users\ITWILL\.gradle\caches\modules-2\files-2.1\org.projectlombok\lombok\1.18.36\5a30490a6e14977d97d9c73c924c1f1b5311ea95\lombok-1.18.36.jar;C:\Users\ITWILL\.gradle\caches\modules-2\files-2.1\org.springframework.boot\spring-boot-starter-data-jpa\3.4.1\f06be4354c339f3f880a5c66a6913cd2366eb225\spring-boot-starter-data-jpa-3.4.1.jar;C:\Users\ITWILL\.gradle\caches\modules-2\files-2.1\org.springframework.boot\spring-boot-starter-thymeleaf\3.4.1\a2903c33815dbc9c65c97f83e32dcea2d9935429\spring-boot-starter-thymeleaf-3.4.1.jar;C:\Users\ITWILL\.gradle\caches\modules-2\files-2.1\org.springframework.boot\spring-boot-starter-web\3.4.1\ff7227fc62338e0f6eba3f9f94c12eb952d4da95\spring-boot-starter-web-3.4.1.jar;C:\Users\ITWILL\.gradle\caches\modules-2\files-2.1\nz.net.ultraq.thymeleaf\thymeleaf-layout-dialect\3.3.0\275da01788302e514c0549a4db5fa6b29ef84ba6\thymeleaf-layout-dialect-3.3.0.jar;C:\Users\ITWILL\.gradle\caches\modules-2\files-2.1\org.mybatis.spring.boot\mybatis-spring-boot-starter\3.0.4\2a56c4aa1f81aaef9abb0105f72702a737517d9a\mybatis-spring-boot-starter-3.0.4.jar;C:\Users\ITWILL\.gradle\caches\modules-2\files-2.1\org.apache.poi\poi-ooxml\5.2.3\2efd11c940adb18c03eb9ce7ad88fc40ee6a196\poi-ooxml-5.2.3.jar;C:\Users\ITWILL\.gradle\caches\modules-2\files-2.1\org.xhtmlrenderer\flying-saucer-pdf\9.1.22\5723fb69db4c3040a293fa12654a5a970b9e755d\flying-saucer-pdf-9.1.22.jar;C:\Users\ITWILL\.gradle\caches\modules-2\files-2.1\org.springframework.boot\spring-boot-starter-security\3.4.1\6a82a9f484d265c73a203d551b614cd8bdde5825\spring-boot-starter-security-3.4.1.jar;C:\Users\ITWILL\.gradle\caches\modules-2\files-2.1\org.thymeleaf.extras\thymeleaf-extras-springsecurity6\3.1.3.RELEASE\f2a9e9505b145d22a52047460c74fb8200f2cb23\thymeleaf-extras-springsecurity6-3.1.3.RELEASE.jar;C:\Users\ITWILL\.gradle\caches\modules-2\files-2.1\org.springframework.boot\spring-boot-starter-jdbc\3.4.1\307db83ee5f33fe810565cf980f73747b8f8f43b\spring-boot-starter-jdbc-3.4.1.jar;C:\Users\ITWILL\.gradle\caches\modules-2\files-2.1\org.springframework.boot\spring-boot-starter-json\3.4.1\c1d084f65d8d9f2de9daccab47c4f452fb0464de\spring-boot-starter-json-3.4.1.jar;C:\Users\ITWILL\.gradle\caches\modules-2\files-2.1\org.springframework.boot\spring-boot-starter\3.4.1\2c97b6fdc451ea69cd04dcfa54980439b7c7cb34\spring-boot-starter-3.4.1.jar;C:\Users\ITWILL\.gradle\caches\modules-2\files-2.1\org.hibernate.orm\hibernate-core\6.6.4.Final\95c6d2d58c40dbbfbbd58084941e5cbca4ddef2f\hibernate-core-6.6.4.Final.jar;C:\Users\ITWILL\.gradle\caches\modules-2\files-2.1\org.springframework.data\spring-data-jpa\3.4.1\1c704fa9169ea3745775568e733fddd0132070b2\spring-data-jpa-3.4.1.jar;C:\Users\ITWILL\.gradle\caches\modules-2\files-2.1\org.springframework\spring-aspects\6.2.1\50350218608abf215ae40ef00c87cc666737e199\spring-aspects-6.2.1.jar;C:\Users\ITWILL\.gradle\caches\modules-2\files-2.1\org.thymeleaf\thymeleaf-spring6\3.1.3.RELEASE\4b276ea2bd536a18e44b40ff1d9f4848965ff59c\thymeleaf-spring6-3.1.3.RELEASE.jar;C:\Users\ITWILL\.gradle\caches\modules-2\files-2.1\org.springframework.boot\spring-boot-starter-tomcat\3.4.1\ac4bb51582c57cfb0d2beb102a76fe1a4d8b8b21\spring-boot-starter-tomcat-3.4.1.jar;C:\Users\ITWILL\.gradle\caches\modules-2\files-2.1\org.springframework\spring-webmvc\6.2.1\44bdf7e5641d44044ac52d7bb5c1fc46004e7754\spring-webmvc-6.2.1.jar;C:\Users\ITWILL\.gradle\caches\modules-2\files-2.1\org.springframework.security\spring-security-web\6.4.2\733a3bbbdca56225676fb7f4e3f317c2075fc383\spring-security-web-6.4.2.jar;C:\Users\ITWILL\.gradle\caches\modules-2\files-2.1\org.springframework\spring-web\6.2.1\877acb94c5b3a0c92e652b6bebdfdc7c60922ac8\spring-web-6.2.1.jar;C:\Users\ITWILL\.gradle\caches\modules-2\files-2.1\org.apache.groovy\groovy\4.0.24\1ebfbe13ba203625f53bab37a895954b2c160508\groovy-4.0.24.jar;C:\Users\ITWILL\.gradle\caches\modules-2\files-2.1\org.mybatis.spring.boot\mybatis-spring-boot-autoconfigure\3.0.4\27c887cbd92c780e7d8baaf30d9dc5b5d5f0c03\mybatis-spring-boot-autoconfigure-3.0.4.jar;C:\Users\ITWILL\.gradle\caches\modules-2\files-2.1\org.mybatis\mybatis\3.5.17\b210805d7d67ab8c564efebbeae5ed648c5bc925\mybatis-3.5.17.jar;C:\Users\ITWILL\.gradle\caches\modules-2\files-2.1\org.mybatis\mybatis-spring\3.0.4\8a1250161c6b5c15103c1f51d6a1ad8307af4418\mybatis-spring-3.0.4.jar;C:\Users\ITWILL\.gradle\caches\modules-2\files-2.1\org.apache.poi\poi\5.2.3\2fb22ae74ad5aea6af1a9c64b9542f2ccf348604\poi-5.2.3.jar;C:\Users\ITWILL\.gradle\caches\modules-2\files-2.1\org.apache.poi\poi-ooxml-lite\5.2.3\db113c8e9051b0ff967f4911fa20336c8325a7c5\poi-ooxml-lite-5.2.3.jar;C:\Users\ITWILL\.gradle\caches\modules-2\files-2.1\org.apache.xmlbeans\xmlbeans\5.1.1\48a369df0eccb509d46203104e4df9cb00f0f68b\xmlbeans-5.1.1.jar;C:\Users\ITWILL\.gradle\caches\modules-2\files-2.1\org.apache.commons\commons-compress\1.21\4ec95b60d4e86b5c95a0e919cb172a0af98011ef\commons-compress-1.21.jar;C:\Users\ITWILL\.gradle\caches\modules-2\files-2.1\commons-io\commons-io\2.11.0\a2503f302b11ebde7ebc3df41daebe0e4eea3689\commons-io-2.11.0.jar;C:\Users\ITWILL\.gradle\caches\modules-2\files-2.1\com.github.virtuald\curvesapi\1.07\863654849995f9d4f0ed2ed1a3870da3a108473c\curvesapi-1.07.jar;C:\Users\ITWILL\.gradle\caches\modules-2\files-2.1\org.springframework.boot\spring-boot-starter-logging\3.4.1\5cd01e208b15113c7f88b3ea40e843ea9989f38a\spring-boot-starter-logging-3.4.1.jar;C:\Users\ITWILL\.gradle\caches\modules-2\files-2.1\org.apache.logging.log4j\log4j-to-slf4j\2.24.3\da1143e2a2531ee1c2d90baa98eb50a28a39d5a7\log4j-to-slf4j-2.24.3.jar;C:\Users\ITWILL\.gradle\caches\modules-2\files-2.1\org.apache.logging.log4j\log4j-api\2.24.3\b02c125db8b6d295adf72ae6e71af5d83bce2370\log4j-api-2.24.3.jar;C:\Users\ITWILL\.gradle\caches\modules-2\files-2.1\org.apache.commons\commons-collections4\4.4\62ebe7544cb7164d87e0637a2a6a2bdc981395e8\commons-collections4-4.4.jar;C:\Users\ITWILL\.gradle\caches\modules-2\files-2.1\com.lowagie\itext\2.1.7\892bfb3e97074a61123b3b2d7caa2db112750864\itext-2.1.7.jar;C:\Users\ITWILL\.gradle\caches\modules-2\files-2.1\org.bouncycastle\bctsp-jdk14\1.46\6ebffec28dbbaa24d5d7270a61993aa376d85ef1\bctsp-jdk14-1.46.jar;C:\Users\ITWILL\.gradle\caches\modules-2\files-2.1\org.bouncycastle\bcmail-jdk14\1.64\49aeb13e226ccdb7bb26a7650945acc3a97fb738\bcmail-jdk14-1.64.jar;C:\Users\ITWILL\.gradle\caches\modules-2\files-2.1\org.bouncycastle\bcpkix-jdk14\1.64\55072fa3427cbffa85db48c604c581ec3982fb10\bcpkix-jdk14-1.64.jar;C:\Users\ITWILL\.gradle\caches\modules-2\files-2.1\org.bouncycastle\bcprov-jdk14\1.64\a416d1447e6d35b74525b70fd6e19a608aabb548\bcprov-jdk14-1.64.jar;C:\Users\ITWILL\.gradle\caches\modules-2\files-2.1\org.xhtmlrenderer\flying-saucer-core\9.1.22\6c8b42abe1fc5dcd35f1b259c20f129a6514d328\flying-saucer-core-9.1.22.jar;C:\Users\ITWILL\.gradle\caches\modules-2\files-2.1\org.springframework.security\spring-security-config\6.4.2\5ed985329eb14b1c61045160c8dcbbcab179ddd3\spring-security-config-6.4.2.jar;C:\Users\ITWILL\.gradle\caches\modules-2\files-2.1\org.springframework.boot\spring-boot-autoconfigure\3.4.1\f17b54cc5816ec8f06d0aca9df11c330ead97f2a\spring-boot-autoconfigure-3.4.1.jar;C:\Users\ITWILL\.gradle\caches\modules-2\files-2.1\org.springframework.boot\spring-boot\3.4.1\5fb9890a5eb7c4e86c8f5c0f6960b79240daf3d5\spring-boot-3.4.1.jar;C:\Users\ITWILL\.gradle\caches\modules-2\files-2.1\org.springframework.security\spring-security-core\6.4.2\51302b2af3f01eb79fdc7164a4cc3a3aa7e3b541\spring-security-core-6.4.2.jar;C:\Users\ITWILL\.gradle\caches\modules-2\files-2.1\org.springframework\spring-context\6.2.1\f56c7431b03860bfdb016e68f484c5c35531ef2e\spring-context-6.2.1.jar;C:\Users\ITWILL\.gradle\caches\modules-2\files-2.1\org.springframework\spring-aop\6.2.1\a9384de38fc00751084446ba014a0c4962240244\spring-aop-6.2.1.jar;C:\Users\ITWILL\.gradle\caches\modules-2\files-2.1\com.zaxxer\HikariCP\5.1.0\8c96e36c14461fc436bb02b264b96ef3ca5dca8c\HikariCP-5.1.0.jar;C:\Users\ITWILL\.gradle\caches\modules-2\files-2.1\org.springframework.data\spring-data-commons\3.4.1\3ae5f19bc2b1b30de85b0610ae25818c2e7c295a\spring-data-commons-3.4.1.jar;C:\Users\ITWILL\.gradle\caches\modules-2\files-2.1\org.thymeleaf\thymeleaf\3.1.3.RELEASE\51474f2a90b282ee97dabcd159c7faf24790f373\thymeleaf-3.1.3.RELEASE.jar;C:\Users\ITWILL\.gradle\caches\modules-2\files-2.1\ch.qos.logback\logback-classic\1.5.12\3790d1a62e868f7915776dfb392bd9a29ce8d954\logback-classic-1.5.12.jar;C:\Users\ITWILL\.gradle\caches\modules-2\files-2.1\org.slf4j\jul-to-slf4j\2.0.16\6d57da3e961daac65bcca0dd3def6cd11e48a24a\jul-to-slf4j-2.0.16.jar;C:\Users\ITWILL\.gradle\caches\modules-2\files-2.1\org.slf4j\slf4j-api\2.0.16\172931663a09a1fa515567af5fbef00897d3c04\slf4j-api-2.0.16.jar;C:\Users\ITWILL\.gradle\caches\modules-2\files-2.1\jakarta.annotation\jakarta.annotation-api\2.1.1\48b9bda22b091b1f48b13af03fe36db3be6e1ae3\jakarta.annotation-api-2.1.1.jar;C:\Users\ITWILL\.gradle\caches\modules-2\files-2.1\org.springframework\spring-orm\6.2.1\7fd75b4984d92c3c5e46ee94365cfc79d2daa821\spring-orm-6.2.1.jar;C:\Users\ITWILL\.gradle\caches\modules-2\files-2.1\org.springframework\spring-jdbc\6.2.1\def8d3d9bebafc36c19f8407645eddde32454c8a\spring-jdbc-6.2.1.jar;C:\Users\ITWILL\.gradle\caches\modules-2\files-2.1\org.springframework\spring-tx\6.2.1\5ffde4fee85ff021ad613b9e86a9be893fb52572\spring-tx-6.2.1.jar;C:\Users\ITWILL\.gradle\caches\modules-2\files-2.1\org.springframework\spring-beans\6.2.1\ab57ec03ba6900075bf28e3cd70ccce173205b8d\spring-beans-6.2.1.jar;C:\Users\ITWILL\.gradle\caches\modules-2\files-2.1\org.springframework\spring-expression\6.2.1\91fcf6b9501705c31c8337e2713fe823bb512b24\spring-expression-6.2.1.jar;C:\Users\ITWILL\.gradle\caches\modules-2\files-2.1\org.springframework\spring-core\6.2.1\f42e6b51d9c0c2fcf95df9e5848470d173adc9af\spring-core-6.2.1.jar;C:\Users\ITWILL\.gradle\caches\modules-2\files-2.1\org.yaml\snakeyaml\2.3\936b36210e27320f920536f695cf1af210c44586\snakeyaml-2.3.jar;C:\Users\ITWILL\.gradle\caches\modules-2\files-2.1\jakarta.persistence\jakarta.persistence-api\3.1.0\66901fa1c373c6aff65c13791cc11da72060a8d6\jakarta.persistence-api-3.1.0.jar;C:\Users\ITWILL\.gradle\caches\modules-2\files-2.1\jakarta.transaction\jakarta.transaction-api\2.0.1\51a520e3fae406abb84e2e1148e6746ce3f80a1a\jakarta.transaction-api-2.0.1.jar;C:\Users\ITWILL\.gradle\caches\modules-2\files-2.1\org.antlr\antlr4-runtime\4.13.0\5a02e48521624faaf5ff4d99afc88b01686af655\antlr4-runtime-4.13.0.jar;C:\Users\ITWILL\.gradle\caches\modules-2\files-2.1\org.aspectj\aspectjweaver\1.9.22.1\bca243d0af0db4758fbae45c5f4995cb5dabb612\aspectjweaver-1.9.22.1.jar;C:\Users\ITWILL\.gradle\caches\modules-2\files-2.1\com.fasterxml.jackson.datatype\jackson-datatype-jsr310\2.18.2\7b6ff96adf421f4c6edbd694e797dd8fe434510a\jackson-datatype-jsr310-2.18.2.jar;C:\Users\ITWILL\.gradle\caches\modules-2\files-2.1\com.fasterxml.jackson.module\jackson-module-parameter-names\2.18.2\72960cb3277347a748911d100c3302d60e8a616a\jackson-module-parameter-names-2.18.2.jar;C:\Users\ITWILL\.gradle\caches\modules-2\files-2.1\com.fasterxml.jackson.core\jackson-annotations\2.18.2\985d77751ebc7fce5db115a986bc9aa82f973f4a\jackson-annotations-2.18.2.jar;C:\Users\ITWILL\.gradle\caches\modules-2\files-2.1\com.fasterxml.jackson.core\jackson-core\2.18.2\fb64ccac5c27dca8819418eb4e443a9f496d9ee7\jackson-core-2.18.2.jar;C:\Users\ITWILL\.gradle\caches\modules-2\files-2.1\com.fasterxml.jackson.datatype\jackson-datatype-jdk8\2.18.2\9ed6d538ebcc66864e114a7040953dce6ab6ea53\jackson-datatype-jdk8-2.18.2.jar;C:\Users\ITWILL\.gradle\caches\modules-2\files-2.1\com.fasterxml.jackson.core\jackson-databind\2.18.2\deef8697b92141fb6caf7aa86966cff4eec9b04f\jackson-databind-2.18.2.jar;C:\Users\ITWILL\.gradle\caches\modules-2\files-2.1\org.apache.tomcat.embed\tomcat-embed-websocket\10.1.34\eef6d430f34b6e393b8d9e40f10db9043732b4e5\tomcat-embed-websocket-10.1.34.jar;C:\Users\ITWILL\.gradle\caches\modules-2\files-2.1\org.apache.tomcat.embed\tomcat-embed-core\10.1.34\f610f84be607fbc82e393cc220f0ad45f92afc91\tomcat-embed-core-10.1.34.jar;C:\Users\ITWILL\.gradle\caches\modules-2\files-2.1\org.apache.tomcat.embed\tomcat-embed-el\10.1.34\d2b2daca3bc999c62e58ae36b45ba0582530fb25\tomcat-embed-el-10.1.34.jar;C:\Users\ITWILL\.gradle\caches\modules-2\files-2.1\io.micrometer\micrometer-observation\1.14.2\a9cad29cc04c0f7e30e3e58b454d4cd47ccc54bd\micrometer-observation-1.14.2.jar;C:\Users\ITWILL\.gradle\caches\modules-2\files-2.1\commons-codec\commons-codec\1.17.1\973638b7149d333563584137ebf13a691bb60579\commons-codec-1.17.1.jar;C:\Users\ITWILL\.gradle\caches\modules-2\files-2.1\org.apache.commons\commons-math3\3.6.1\e4ba98f1d4b3c80ec46392f25e094a6a2e58fcbf\commons-math3-3.6.1.jar;C:\Users\ITWILL\.gradle\caches\modules-2\files-2.1\com.zaxxer\SparseBitSet\1.2\8467c813d442837fcaeddbc42cf5c5359fab4933\SparseBitSet-1.2.jar;C:\Users\ITWILL\.gradle\caches\modules-2\files-2.1\org.springframework\spring-jcl\6.2.1\a5d662d64470aff0ae51d210147bb6ede31a8ea3\spring-jcl-6.2.1.jar;C:\Users\ITWILL\.gradle\caches\modules-2\files-2.1\org.attoparser\attoparser\2.0.7.RELEASE\e5d0e988d9124139d645bb5872b24dfa23e283cc\attoparser-2.0.7.RELEASE.jar;C:\Users\ITWILL\.gradle\caches\modules-2\files-2.1\org.unbescape\unbescape\1.1.6.RELEASE\7b90360afb2b860e09e8347112800d12c12b2a13\unbescape-1.1.6.RELEASE.jar;C:\Users\ITWILL\.gradle\caches\modules-2\files-2.1\io.micrometer\micrometer-commons\1.14.2\69c454dbec59c7842cf59a534b7ec03618d75b91\micrometer-commons-1.14.2.jar;C:\Users\ITWILL\.gradle\caches\modules-2\files-2.1\org.springframework.security\spring-security-crypto\6.4.2\a4d5bf27ca449200fc39e07de6ae016eb1ad21da\spring-security-crypto-6.4.2.jar;C:\Users\ITWILL\.gradle\caches\modules-2\files-2.1\ch.qos.logback\logback-core\1.5.12\65b1fa25fe8d8e4bdc140e79eb67ac6741f775e2\logback-core-1.5.12.jar;C:\Users\ITWILL\.gradle\caches\modules-2\files-2.1\org.springframework.boot\spring-boot-devtools\3.4.1\3bdbab471c56ce1fece521e9db67102d018006c4\spring-boot-devtools-3.4.1.jar;C:\Users\ITWILL\.gradle\caches\modules-2\files-2.1\com.h2database\h2\2.3.232\4fcc05d966ccdb2812ae8b9a718f69226c0cf4e2\h2-2.3.232.jar;C:\Users\ITWILL\.gradle\caches\modules-2\files-2.1\com.oracle.database.jdbc\ojdbc11\23.5.0.24.07\6e07003d57be5e280ef0492209e20fa27edec5b6\ojdbc11-23.5.0.24.07.jar;C:\Users\ITWILL\.gradle\caches\modules-2\files-2.1\nz.net.ultraq.groovy\groovy-extensions\2.1.0\c869dc033867e8861957ff3ff4e1ce0a00260e3a\groovy-extensions-2.1.0.jar;C:\Users\ITWILL\.gradle\caches\modules-2\files-2.1\nz.net.ultraq.thymeleaf\thymeleaf-expression-processor\3.2.0\566d36d35ba24120e8cef0d55869868e042785cf\thymeleaf-expression-processor-3.2.0.jar;C:\Users\ITWILL\.gradle\caches\modules-2\files-2.1\org.jboss.logging\jboss-logging\3.6.1.Final\886afbb445b4016a37c8960a7aef6ebd769ce7e5\jboss-logging-3.6.1.Final.jar;C:\Users\ITWILL\.gradle\caches\modules-2\files-2.1\org.hibernate.common\hibernate-commons-annotations\7.0.3.Final\e183c4be8bb41d12e9f19b374e00c34a0a85f439\hibernate-commons-annotations-7.0.3.Final.jar;C:\Users\ITWILL\.gradle\caches\modules-2\files-2.1\io.smallrye\jandex\3.2.0\f17ad860f62a08487b9edabde608f8ac55c62fa7\jandex-3.2.0.jar;C:\Users\ITWILL\.gradle\caches\modules-2\files-2.1\com.fasterxml\classmate\1.7.0\e98374da1f2143ac8e6e0a95036994bb19137a3\classmate-1.7.0.jar;C:\Users\ITWILL\.gradle\caches\modules-2\files-2.1\net.bytebuddy\byte-buddy\1.15.11\f61886478e0f9ee4c21d09574736f0ff45e0a46c\byte-buddy-1.15.11.jar;C:\Users\ITWILL\.gradle\caches\modules-2\files-2.1\org.glassfish.jaxb\jaxb-runtime\4.0.5\ca84c2a7169b5293e232b9d00d1e4e36d4c3914a\jaxb-runtime-4.0.5.jar;C:\Users\ITWILL\.gradle\caches\modules-2\files-2.1\org.glassfish.jaxb\jaxb-core\4.0.5\7b4b11ea5542eea4ad55e1080b23be436795b3\jaxb-core-4.0.5.jar;C:\Users\ITWILL\.gradle\caches\modules-2\files-2.1\jakarta.xml.bind\jakarta.xml.bind-api\4.0.2\6cd5a999b834b63238005b7144136379dc36cad2\jakarta.xml.bind-api-4.0.2.jar;C:\Users\ITWILL\.gradle\caches\modules-2\files-2.1\jakarta.inject\jakarta.inject-api\2.0.1\4c28afe1991a941d7702fe1362c365f0a8641d1e\jakarta.inject-api-2.0.1.jar;C:\Users\ITWILL\.gradle\caches\modules-2\files-2.1\ognl\ognl\3.3.4\1904789bdd96f226ad252a02f230be1015f4462b\ognl-3.3.4.jar;C:\Users\ITWILL\.gradle\caches\modules-2\files-2.1\org.eclipse.angus\angus-activation\2.0.2\41f1e0ddd157c856926ed149ab837d110955a9fc\angus-activation-2.0.2.jar;C:\Users\ITWILL\.gradle\caches\modules-2\files-2.1\jakarta.activation\jakarta.activation-api\2.1.3\fa165bd70cda600368eee31555222776a46b881f\jakarta.activation-api-2.1.3.jar;C:\Users\ITWILL\.gradle\caches\modules-2\files-2.1\org.javassist\javassist\3.29.0-GA\d3959fa7e00bf04dbe519228a23213d2afb625d8\javassist-3.29.0-GA.jar;C:\Users\ITWILL\.gradle\caches\modules-2\files-2.1\org.glassfish.jaxb\txw2\4.0.5\f36a4ef12120a9bb06d766d6a0e54b144fd7ed98\txw2-4.0.5.jar;C:\Users\ITWILL\.gradle\caches\modules-2\files-2.1\com.sun.istack\istack-commons-runtime\4.1.2\18ec117c85f3ba0ac65409136afa8e42bc74e739\istack-commons-runtime-4.1.2.jar
Launcher Type: SUN_STANDARD

[Global flags]
     intx CICompilerCount                          = 12                                        {product} {ergonomic}
     uint ConcGCThreads                            = 3                                         {product} {ergonomic}
     uint G1ConcRefinementThreads                  = 13                                        {product} {ergonomic}
   size_t G1HeapRegionSize                         = 2097152                                   {product} {ergonomic}
    uintx GCDrainStackTargetSize                   = 64                                        {product} {ergonomic}
   size_t InitialHeapSize                          = 264241152                                 {product} {ergonomic}
     bool ManagementServer                         = true                                      {product} {command line}
   size_t MarkStackSize                            = 4194304                                   {product} {ergonomic}
   size_t MaxHeapSize                              = 4206886912                                {product} {ergonomic}
   size_t MaxNewSize                               = 2522873856                                {product} {ergonomic}
   size_t MinHeapDeltaBytes                        = 2097152                                   {product} {ergonomic}
   size_t MinHeapSize                              = 8388608                                   {product} {ergonomic}
    uintx NonNMethodCodeHeapSize                   = 4096                                   {pd product} {ergonomic}
    uintx NonProfiledCodeHeapSize                  = 0                                      {pd product} {ergonomic}
     bool ProfileInterpreter                       = false                                  {pd product} {command line}
    uintx ProfiledCodeHeapSize                     = 0                                      {pd product} {ergonomic}
     bool ShowCodeDetailsInExceptionMessages       = true                                   {manageable} {command line}
   size_t SoftMaxHeapSize                          = 4206886912                             {manageable} {ergonomic}
     intx TieredStopAtLevel                        = 1                                         {product} {command line}
     bool UseCompressedOops                        = true                           {product lp64_product} {ergonomic}
     bool UseG1GC                                  = true                                      {product} {ergonomic}
     bool UseLargePagesIndividualAllocation        = false                                  {pd product} {ergonomic}

Logging:
Log output configuration:
 #0: stdout all=warning uptime,level,tags foldmultilines=false
 #1: stderr all=off uptime,level,tags foldmultilines=false

Environment Variables:
PATH=C:/sts-4.27.0.RELEASE//plugins/org.eclipse.justj.openjdk.hotspot.jre.full.win32.x86_64_21.0.5.v20241023-1957/jre/bin/server;C:/sts-4.27.0.RELEASE//plugins/org.eclipse.justj.openjdk.hotspot.jre.full.win32.x86_64_21.0.5.v20241023-1957/jre/bin;C:\Python313\Scripts\;C:\Python313\;C:\app\ITWILL\product\21c\dbhomeXE\bin;C:\WINDOWS\system32;C:\WINDOWS;C:\WINDOWS\System32\Wbem;C:\WINDOWS\System32\WindowsPowerShell\v1.0\;C:\WINDOWS\System32\OpenSSH\;C:\Program Files\ojdkbuild\openjdk-21+35_windows-x64_bin\jdk-21\bin;C:\Program Files\ojdkbuild\java-17-openjdk-17.0.3.0.6-1\bin;C:\Program Files\MySQL\MySQL Server 8.0\bin;C:\Program Files\Amazon\AWSCLIV2\;C:\Program Files\nodejs\;C:\ProgramData\chocolatey\bin;C:\Program Files\Git\cmd;C:\Users\ITWILL\AppData\Local\Microsoft\WindowsApps;C:\Program Files\Bandizip\;C:\Users\ITWILL\AppData\Local\Programs\Microsoft VS Code\bin;C:\Users\ITWILL\AppData\Roaming\npm;C:\sts-4.27.0.RELEASE;
USERNAME=ITWILL
OS=Windows_NT
PROCESSOR_IDENTIFIER=Intel64 Family 6 Model 167 Stepping 1, GenuineIntel
TMP=C:\Users\ITWILL\AppData\Local\Temp
TEMP=C:\Users\ITWILL\AppData\Local\Temp




Periodic native trim disabled

---------------  S Y S T E M  ---------------

OS:
 Windows 11 , 64 bit Build 26100 (10.0.26100.2454)
OS uptime: 17 days 8:02 hours

CPU: total 16 (initial active 16) (8 cores per cpu, 2 threads per core) family 6 model 167 stepping 1 microcode 0x3c, cx8, cmov, fxsr, ht, mmx, 3dnowpref, sse, sse2, sse3, ssse3, sse4.1, sse4.2, popcnt, lzcnt, tsc, tscinvbit, avx, avx2, aes, erms, clmul, bmi1, bmi2, adx, avx512f, avx512dq, avx512cd, avx512bw, avx512vl, sha, fma, vzeroupper, avx512_vpopcntdq, avx512_vpclmulqdq, avx512_vaes, avx512_vnni, clflush, clflushopt, avx512_vbmi2, avx512_vbmi, rdtscp, rdpid, fsrm, gfni, avx512_bitalg, f16c, pku, avx512_ifma
Processor Information for all 16 processors :
  Max Mhz: 2496, Current Mhz: 2496, Mhz Limit: 2496

Memory: 4k page, system-wide physical 16043M (3171M free)
TotalPageFile size 65195M (AvailPageFile size 7M)
current process WorkingSet (physical memory assigned to process): 489M, peak: 489M
current process commit charge ("private bytes"): 539M, peak: 839M

vm_info: OpenJDK 64-Bit Server VM (21.0.5+11-LTS) for windows-amd64 JRE (21.0.5+11-LTS), built on 2024-10-15T00:00:00Z by "admin" with MS VC++ 17.7 (VS2022)

END.
